{"C:\\code\\uncharted-lands\\server\\src\\__tests__\\helpers\\test-utils.ts": {"path":"C:\\code\\uncharted-lands\\server\\src\\__tests__\\helpers\\test-utils.ts","statementMap":{"0":{"start":{"line":15,"column":2},"end":{"line":22,"column":null}},"1":{"start":{"line":34,"column":19},"end":{"line":42,"column":null}},"2":{"start":{"line":43,"column":2},"end":{"line":43,"column":null}},"3":{"start":{"line":50,"column":2},"end":{"line":50,"column":null}},"4":{"start":{"line":60,"column":2},"end":{"line":63,"column":null}},"5":{"start":{"line":83,"column":2},"end":{"line":89,"column":null}},"6":{"start":{"line":93,"column":2},"end":{"line":98,"column":null}},"7":{"start":{"line":105,"column":2},"end":{"line":113,"column":null}},"8":{"start":{"line":117,"column":2},"end":{"line":125,"column":null}},"9":{"start":{"line":129,"column":2},"end":{"line":136,"column":null}},"10":{"start":{"line":140,"column":2},"end":{"line":151,"column":null}},"11":{"start":{"line":155,"column":2},"end":{"line":168,"column":null}},"12":{"start":{"line":172,"column":2},"end":{"line":179,"column":null}},"13":{"start":{"line":186,"column":2},"end":{"line":193,"column":null}},"14":{"start":{"line":197,"column":2},"end":{"line":206,"column":null}},"15":{"start":{"line":210,"column":2},"end":{"line":216,"column":null}},"16":{"start":{"line":223,"column":2},"end":{"line":226,"column":null}},"17":{"start":{"line":224,"column":4},"end":{"line":224,"column":null}},"18":{"start":{"line":225,"column":4},"end":{"line":225,"column":null}},"19":{"start":{"line":230,"column":2},"end":{"line":236,"column":null}},"20":{"start":{"line":231,"column":4},"end":{"line":233,"column":null}},"21":{"start":{"line":232,"column":6},"end":{"line":232,"column":null}},"22":{"start":{"line":234,"column":4},"end":{"line":234,"column":null}},"23":{"start":{"line":235,"column":4},"end":{"line":235,"column":null}},"24":{"start":{"line":243,"column":2},"end":{"line":293,"column":null}},"25":{"start":{"line":300,"column":2},"end":{"line":300,"column":null}},"26":{"start":{"line":300,"column":32},"end":{"line":300,"column":55}},"27":{"start":{"line":307,"column":16},"end":{"line":307,"column":null}},"28":{"start":{"line":308,"column":15},"end":{"line":308,"column":null}},"29":{"start":{"line":309,"column":2},"end":{"line":311,"column":null}},"30":{"start":{"line":309,"column":15},"end":{"line":309,"column":18}},"31":{"start":{"line":310,"column":4},"end":{"line":310,"column":null}},"32":{"start":{"line":312,"column":2},"end":{"line":312,"column":null}},"33":{"start":{"line":316,"column":2},"end":{"line":316,"column":null}},"34":{"start":{"line":323,"column":2},"end":{"line":323,"column":null}},"35":{"start":{"line":324,"column":2},"end":{"line":324,"column":null}},"36":{"start":{"line":328,"column":2},"end":{"line":328,"column":null}},"37":{"start":{"line":329,"column":2},"end":{"line":333,"column":null}},"38":{"start":{"line":330,"column":4},"end":{"line":332,"column":null}},"39":{"start":{"line":337,"column":2},"end":{"line":337,"column":null}},"40":{"start":{"line":341,"column":2},"end":{"line":341,"column":null}},"41":{"start":{"line":345,"column":2},"end":{"line":345,"column":null}},"42":{"start":{"line":349,"column":2},"end":{"line":349,"column":null}},"43":{"start":{"line":353,"column":2},"end":{"line":353,"column":null}},"44":{"start":{"line":357,"column":2},"end":{"line":357,"column":null}}},"fnMap":{"0":{"name":"createMockRequest","decl":{"start":{"line":14,"column":16},"end":{"line":14,"column":34}},"loc":{"start":{"line":14,"column":86},"end":{"line":23,"column":null}},"line":14},"1":{"name":"createMockResponse","decl":{"start":{"line":28,"column":16},"end":{"line":28,"column":null}},"loc":{"start":{"line":33,"column":2},"end":{"line":44,"column":null}},"line":33},"2":{"name":"createMockNext","decl":{"start":{"line":49,"column":16},"end":{"line":49,"column":47}},"loc":{"start":{"line":49,"column":47},"end":{"line":51,"column":null}},"line":49},"3":{"name":"createMockQueryResult","decl":{"start":{"line":56,"column":16},"end":{"line":56,"column":41}},"loc":{"start":{"line":59,"column":2},"end":{"line":64,"column":null}},"line":59},"4":{"name":"createMockUser","decl":{"start":{"line":82,"column":16},"end":{"line":82,"column":31}},"loc":{"start":{"line":82,"column":76},"end":{"line":90,"column":null}},"line":82},"5":{"name":"createMockAdmin","decl":{"start":{"line":92,"column":16},"end":{"line":92,"column":32}},"loc":{"start":{"line":92,"column":77},"end":{"line":99,"column":null}},"line":92},"6":{"name":"createMockServer","decl":{"start":{"line":104,"column":16},"end":{"line":104,"column":33}},"loc":{"start":{"line":104,"column":58},"end":{"line":114,"column":null}},"line":104},"7":{"name":"createMockWorld","decl":{"start":{"line":116,"column":16},"end":{"line":116,"column":32}},"loc":{"start":{"line":116,"column":87},"end":{"line":126,"column":null}},"line":116},"8":{"name":"createMockRegion","decl":{"start":{"line":128,"column":16},"end":{"line":128,"column":33}},"loc":{"start":{"line":128,"column":92},"end":{"line":137,"column":null}},"line":128},"9":{"name":"createMockTile","decl":{"start":{"line":139,"column":16},"end":{"line":139,"column":31}},"loc":{"start":{"line":139,"column":94},"end":{"line":152,"column":null}},"line":139},"10":{"name":"createMockPlot","decl":{"start":{"line":154,"column":16},"end":{"line":154,"column":31}},"loc":{"start":{"line":154,"column":90},"end":{"line":169,"column":null}},"line":154},"11":{"name":"createMockProfile","decl":{"start":{"line":171,"column":16},"end":{"line":171,"column":34}},"loc":{"start":{"line":171,"column":98},"end":{"line":180,"column":null}},"line":171},"12":{"name":"createMockSettlement","decl":{"start":{"line":182,"column":16},"end":{"line":182,"column":null}},"loc":{"start":{"line":185,"column":2},"end":{"line":194,"column":null}},"line":185},"13":{"name":"createMockSettlementStorage","decl":{"start":{"line":196,"column":16},"end":{"line":196,"column":44}},"loc":{"start":{"line":196,"column":83},"end":{"line":207,"column":null}},"line":196},"14":{"name":"createMockBiome","decl":{"start":{"line":209,"column":16},"end":{"line":209,"column":32}},"loc":{"start":{"line":209,"column":60},"end":{"line":217,"column":null}},"line":209},"15":{"name":"mockAuthenticateMiddleware","decl":{"start":{"line":222,"column":16},"end":{"line":222,"column":43}},"loc":{"start":{"line":222,"column":59},"end":{"line":227,"column":null}},"line":222},"16":{"name":"(anonymous_16)","decl":{"start":{"line":223,"column":15},"end":{"line":223,"column":16}},"loc":{"start":{"line":223,"column":50},"end":{"line":226,"column":3}},"line":223},"17":{"name":"mockAuthenticateAdminMiddleware","decl":{"start":{"line":229,"column":16},"end":{"line":229,"column":48}},"loc":{"start":{"line":229,"column":65},"end":{"line":237,"column":null}},"line":229},"18":{"name":"(anonymous_18)","decl":{"start":{"line":230,"column":15},"end":{"line":230,"column":16}},"loc":{"start":{"line":230,"column":50},"end":{"line":236,"column":3}},"line":230},"19":{"name":"createMockDb","decl":{"start":{"line":242,"column":16},"end":{"line":242,"column":31}},"loc":{"start":{"line":242,"column":31},"end":{"line":294,"column":null}},"line":242},"20":{"name":"wait","decl":{"start":{"line":299,"column":22},"end":{"line":299,"column":27}},"loc":{"start":{"line":299,"column":58},"end":{"line":301,"column":null}},"line":299},"21":{"name":"(anonymous_21)","decl":{"start":{"line":300,"column":21},"end":{"line":300,"column":32}},"loc":{"start":{"line":300,"column":32},"end":{"line":300,"column":55}},"line":300},"22":{"name":"generateRandomString","decl":{"start":{"line":306,"column":16},"end":{"line":306,"column":37}},"loc":{"start":{"line":306,"column":66},"end":{"line":313,"column":null}},"line":306},"23":{"name":"generateRandomEmail","decl":{"start":{"line":315,"column":16},"end":{"line":315,"column":46}},"loc":{"start":{"line":315,"column":46},"end":{"line":317,"column":null}},"line":315},"24":{"name":"expectSuccessResponse","decl":{"start":{"line":322,"column":16},"end":{"line":322,"column":38}},"loc":{"start":{"line":322,"column":74},"end":{"line":325,"column":null}},"line":322},"25":{"name":"expectErrorResponse","decl":{"start":{"line":327,"column":16},"end":{"line":327,"column":36}},"loc":{"start":{"line":327,"column":89},"end":{"line":334,"column":null}},"line":327},"26":{"name":"expectValidationError","decl":{"start":{"line":336,"column":16},"end":{"line":336,"column":38}},"loc":{"start":{"line":336,"column":48},"end":{"line":338,"column":null}},"line":336},"27":{"name":"expectUnauthorizedError","decl":{"start":{"line":340,"column":16},"end":{"line":340,"column":40}},"loc":{"start":{"line":340,"column":50},"end":{"line":342,"column":null}},"line":340},"28":{"name":"expectForbiddenError","decl":{"start":{"line":344,"column":16},"end":{"line":344,"column":37}},"loc":{"start":{"line":344,"column":47},"end":{"line":346,"column":null}},"line":344},"29":{"name":"expectNotFoundError","decl":{"start":{"line":348,"column":16},"end":{"line":348,"column":36}},"loc":{"start":{"line":348,"column":46},"end":{"line":350,"column":null}},"line":348},"30":{"name":"expectConflictError","decl":{"start":{"line":352,"column":16},"end":{"line":352,"column":36}},"loc":{"start":{"line":352,"column":46},"end":{"line":354,"column":null}},"line":352},"31":{"name":"expectServerError","decl":{"start":{"line":356,"column":16},"end":{"line":356,"column":34}},"loc":{"start":{"line":356,"column":44},"end":{"line":358,"column":null}},"line":356}},"branchMap":{"0":{"loc":{"start":{"line":14,"column":34},"end":{"line":14,"column":86}},"type":"default-arg","locations":[{"start":{"line":14,"column":64},"end":{"line":14,"column":86}}],"line":14},"1":{"loc":{"start":{"line":82,"column":31},"end":{"line":82,"column":76}},"type":"default-arg","locations":[{"start":{"line":82,"column":62},"end":{"line":82,"column":76}}],"line":82},"2":{"loc":{"start":{"line":92,"column":32},"end":{"line":92,"column":77}},"type":"default-arg","locations":[{"start":{"line":92,"column":63},"end":{"line":92,"column":77}}],"line":92},"3":{"loc":{"start":{"line":104,"column":33},"end":{"line":104,"column":58}},"type":"default-arg","locations":[{"start":{"line":104,"column":46},"end":{"line":104,"column":58}}],"line":104},"4":{"loc":{"start":{"line":116,"column":32},"end":{"line":116,"column":63}},"type":"default-arg","locations":[{"start":{"line":116,"column":51},"end":{"line":116,"column":63}}],"line":116},"5":{"loc":{"start":{"line":116,"column":63},"end":{"line":116,"column":87}},"type":"default-arg","locations":[{"start":{"line":116,"column":76},"end":{"line":116,"column":87}}],"line":116},"6":{"loc":{"start":{"line":128,"column":33},"end":{"line":128,"column":62}},"type":"default-arg","locations":[{"start":{"line":128,"column":51},"end":{"line":128,"column":62}}],"line":128},"7":{"loc":{"start":{"line":128,"column":62},"end":{"line":128,"column":77}},"type":"default-arg","locations":[{"start":{"line":128,"column":74},"end":{"line":128,"column":77}}],"line":128},"8":{"loc":{"start":{"line":128,"column":77},"end":{"line":128,"column":92}},"type":"default-arg","locations":[{"start":{"line":128,"column":89},"end":{"line":128,"column":92}}],"line":128},"9":{"loc":{"start":{"line":139,"column":31},"end":{"line":139,"column":64}},"type":"default-arg","locations":[{"start":{"line":139,"column":50},"end":{"line":139,"column":64}}],"line":139},"10":{"loc":{"start":{"line":139,"column":64},"end":{"line":139,"column":79}},"type":"default-arg","locations":[{"start":{"line":139,"column":76},"end":{"line":139,"column":79}}],"line":139},"11":{"loc":{"start":{"line":139,"column":79},"end":{"line":139,"column":94}},"type":"default-arg","locations":[{"start":{"line":139,"column":91},"end":{"line":139,"column":94}}],"line":139},"12":{"loc":{"start":{"line":154,"column":31},"end":{"line":154,"column":60}},"type":"default-arg","locations":[{"start":{"line":154,"column":48},"end":{"line":154,"column":60}}],"line":154},"13":{"loc":{"start":{"line":154,"column":60},"end":{"line":154,"column":75}},"type":"default-arg","locations":[{"start":{"line":154,"column":72},"end":{"line":154,"column":75}}],"line":154},"14":{"loc":{"start":{"line":154,"column":75},"end":{"line":154,"column":90}},"type":"default-arg","locations":[{"start":{"line":154,"column":87},"end":{"line":154,"column":90}}],"line":154},"15":{"loc":{"start":{"line":171,"column":34},"end":{"line":171,"column":67}},"type":"default-arg","locations":[{"start":{"line":171,"column":54},"end":{"line":171,"column":67}}],"line":171},"16":{"loc":{"start":{"line":171,"column":67},"end":{"line":171,"column":98}},"type":"default-arg","locations":[{"start":{"line":171,"column":86},"end":{"line":171,"column":98}}],"line":171},"17":{"loc":{"start":{"line":183,"column":2},"end":{"line":183,"column":null}},"type":"default-arg","locations":[{"start":{"line":183,"column":19},"end":{"line":183,"column":null}}],"line":183},"18":{"loc":{"start":{"line":184,"column":2},"end":{"line":184,"column":null}},"type":"default-arg","locations":[{"start":{"line":184,"column":28},"end":{"line":184,"column":null}}],"line":184},"19":{"loc":{"start":{"line":196,"column":44},"end":{"line":196,"column":83}},"type":"default-arg","locations":[{"start":{"line":196,"column":67},"end":{"line":196,"column":83}}],"line":196},"20":{"loc":{"start":{"line":209,"column":32},"end":{"line":209,"column":60}},"type":"default-arg","locations":[{"start":{"line":209,"column":47},"end":{"line":209,"column":60}}],"line":209},"21":{"loc":{"start":{"line":231,"column":4},"end":{"line":233,"column":null}},"type":"if","locations":[{"start":{"line":231,"column":4},"end":{"line":233,"column":null}},{"start":{},"end":{}}],"line":231},"22":{"loc":{"start":{"line":299,"column":27},"end":{"line":299,"column":58}},"type":"default-arg","locations":[{"start":{"line":299,"column":40},"end":{"line":299,"column":58}}],"line":299},"23":{"loc":{"start":{"line":306,"column":37},"end":{"line":306,"column":66}},"type":"default-arg","locations":[{"start":{"line":306,"column":54},"end":{"line":306,"column":66}}],"line":306},"24":{"loc":{"start":{"line":322,"column":48},"end":{"line":322,"column":74}},"type":"default-arg","locations":[{"start":{"line":322,"column":69},"end":{"line":322,"column":74}}],"line":322},"25":{"loc":{"start":{"line":329,"column":2},"end":{"line":333,"column":null}},"type":"if","locations":[{"start":{"line":329,"column":2},"end":{"line":333,"column":null}},{"start":{},"end":{}}],"line":329}},"s":{"0":18,"1":18,"2":18,"3":18,"4":0,"5":0,"6":0,"7":0,"8":0,"9":0,"10":0,"11":0,"12":0,"13":0,"14":0,"15":0,"16":0,"17":0,"18":0,"19":0,"20":0,"21":0,"22":0,"23":0,"24":0,"25":0,"26":0,"27":0,"28":0,"29":0,"30":0,"31":0,"32":0,"33":0,"34":0,"35":0,"36":8,"37":8,"38":0,"39":0,"40":5,"41":1,"42":0,"43":0,"44":2},"f":{"0":18,"1":18,"2":18,"3":0,"4":0,"5":0,"6":0,"7":0,"8":0,"9":0,"10":0,"11":0,"12":0,"13":0,"14":0,"15":0,"16":0,"17":0,"18":0,"19":0,"20":0,"21":0,"22":0,"23":0,"24":0,"25":8,"26":0,"27":5,"28":1,"29":0,"30":0,"31":2},"b":{"0":[18],"1":[0],"2":[0],"3":[0],"4":[0],"5":[0],"6":[0],"7":[0],"8":[0],"9":[0],"10":[0],"11":[0],"12":[0],"13":[0],"14":[0],"15":[0],"16":[0],"17":[0],"18":[0],"19":[0],"20":[0],"21":[0,0],"22":[0],"23":[0],"24":[0],"25":[0,8]},"meta":{"lastBranch":26,"lastFunction":32,"lastStatement":45,"seen":{"f:14:16:14:34":0,"b:14:64:14:86":0,"s:15:2:22:Infinity":0,"f:28:16:28:Infinity":1,"s:34:19:42:Infinity":1,"s:43:2:43:Infinity":2,"f:49:16:49:47":2,"s:50:2:50:Infinity":3,"f:56:16:56:41":3,"s:60:2:63:Infinity":4,"f:82:16:82:31":4,"b:82:62:82:76":1,"s:83:2:89:Infinity":5,"f:92:16:92:32":5,"b:92:63:92:77":2,"s:93:2:98:Infinity":6,"f:104:16:104:33":6,"b:104:46:104:58":3,"s:105:2:113:Infinity":7,"f:116:16:116:32":7,"b:116:51:116:63":4,"b:116:76:116:87":5,"s:117:2:125:Infinity":8,"f:128:16:128:33":8,"b:128:51:128:62":6,"b:128:74:128:77":7,"b:128:89:128:92":8,"s:129:2:136:Infinity":9,"f:139:16:139:31":9,"b:139:50:139:64":9,"b:139:76:139:79":10,"b:139:91:139:94":11,"s:140:2:151:Infinity":10,"f:154:16:154:31":10,"b:154:48:154:60":12,"b:154:72:154:75":13,"b:154:87:154:90":14,"s:155:2:168:Infinity":11,"f:171:16:171:34":11,"b:171:54:171:67":15,"b:171:86:171:98":16,"s:172:2:179:Infinity":12,"f:182:16:182:Infinity":12,"b:183:19:183:Infinity":17,"b:184:28:184:Infinity":18,"s:186:2:193:Infinity":13,"f:196:16:196:44":13,"b:196:67:196:83":19,"s:197:2:206:Infinity":14,"f:209:16:209:32":14,"b:209:47:209:60":20,"s:210:2:216:Infinity":15,"f:222:16:222:43":15,"s:223:2:226:Infinity":16,"f:223:15:223:16":16,"s:224:4:224:Infinity":17,"s:225:4:225:Infinity":18,"f:229:16:229:48":17,"s:230:2:236:Infinity":19,"f:230:15:230:16":18,"b:231:4:233:Infinity:undefined:undefined:undefined:undefined":21,"s:231:4:233:Infinity":20,"s:232:6:232:Infinity":21,"s:234:4:234:Infinity":22,"s:235:4:235:Infinity":23,"f:242:16:242:31":19,"s:243:2:293:Infinity":24,"f:299:22:299:27":20,"b:299:40:299:58":22,"s:300:2:300:Infinity":25,"f:300:21:300:32":21,"s:300:32:300:55":26,"f:306:16:306:37":22,"b:306:54:306:66":23,"s:307:16:307:Infinity":27,"s:308:15:308:Infinity":28,"s:309:2:311:Infinity":29,"s:309:15:309:18":30,"s:310:4:310:Infinity":31,"s:312:2:312:Infinity":32,"f:315:16:315:46":23,"s:316:2:316:Infinity":33,"f:322:16:322:38":24,"b:322:69:322:74":24,"s:323:2:323:Infinity":34,"s:324:2:324:Infinity":35,"f:327:16:327:36":25,"s:328:2:328:Infinity":36,"b:329:2:333:Infinity:undefined:undefined:undefined:undefined":25,"s:329:2:333:Infinity":37,"s:330:4:332:Infinity":38,"f:336:16:336:38":26,"s:337:2:337:Infinity":39,"f:340:16:340:40":27,"s:341:2:341:Infinity":40,"f:344:16:344:37":28,"s:345:2:345:Infinity":41,"f:348:16:348:36":29,"s:349:2:349:Infinity":42,"f:352:16:352:36":30,"s:353:2:353:Infinity":43,"f:356:16:356:34":31,"s:357:2:357:Infinity":44}}}
,"C:\\code\\uncharted-lands\\server\\src\\api\\index.ts": {"path":"C:\\code\\uncharted-lands\\server\\src\\api\\index.ts","statementMap":{"0":{"start":{"line":17,"column":6},"end":{"line":17,"column":null}},"1":{"start":{"line":20,"column":0},"end":{"line":20,"column":null}},"2":{"start":{"line":21,"column":0},"end":{"line":21,"column":null}},"3":{"start":{"line":22,"column":0},"end":{"line":22,"column":null}},"4":{"start":{"line":23,"column":0},"end":{"line":23,"column":null}},"5":{"start":{"line":24,"column":0},"end":{"line":24,"column":null}},"6":{"start":{"line":25,"column":0},"end":{"line":25,"column":null}},"7":{"start":{"line":26,"column":0},"end":{"line":26,"column":null}},"8":{"start":{"line":27,"column":0},"end":{"line":27,"column":null}},"9":{"start":{"line":30,"column":0},"end":{"line":36,"column":null}},"10":{"start":{"line":31,"column":2},"end":{"line":35,"column":null}}},"fnMap":{"0":{"name":"(anonymous_0)","decl":{"start":{"line":30,"column":22},"end":{"line":30,"column":23}},"loc":{"start":{"line":30,"column":36},"end":{"line":36,"column":1}},"line":30}},"branchMap":{},"s":{"0":0,"1":0,"2":0,"3":0,"4":0,"5":0,"6":0,"7":0,"8":0,"9":0,"10":0},"f":{"0":0},"b":{},"meta":{"lastBranch":0,"lastFunction":1,"lastStatement":11,"seen":{"s:17:6:17:Infinity":0,"s:20:0:20:Infinity":1,"s:21:0:21:Infinity":2,"s:22:0:22:Infinity":3,"s:23:0:23:Infinity":4,"s:24:0:24:Infinity":5,"s:25:0:25:Infinity":6,"s:26:0:26:Infinity":7,"s:27:0:27:Infinity":8,"s:30:0:36:Infinity":9,"f:30:22:30:23":0,"s:31:2:35:Infinity":10}}}
,"C:\\code\\uncharted-lands\\server\\src\\api\\middleware\\auth.ts": {"path":"C:\\code\\uncharted-lands\\server\\src\\api\\middleware\\auth.ts","statementMap":{"0":{"start":{"line":33,"column":33},"end":{"line":114,"column":null}},"1":{"start":{"line":38,"column":2},"end":{"line":113,"column":null}},"2":{"start":{"line":41,"column":20},"end":{"line":41,"column":null}},"3":{"start":{"line":43,"column":4},"end":{"line":51,"column":null}},"4":{"start":{"line":44,"column":6},"end":{"line":44,"column":null}},"5":{"start":{"line":45,"column":6},"end":{"line":49,"column":null}},"6":{"start":{"line":50,"column":6},"end":{"line":50,"column":null}},"7":{"start":{"line":54,"column":25},"end":{"line":54,"column":null}},"8":{"start":{"line":55,"column":25},"end":{"line":55,"column":null}},"9":{"start":{"line":57,"column":4},"end":{"line":65,"column":null}},"10":{"start":{"line":58,"column":6},"end":{"line":58,"column":null}},"11":{"start":{"line":59,"column":6},"end":{"line":63,"column":null}},"12":{"start":{"line":64,"column":6},"end":{"line":64,"column":null}},"13":{"start":{"line":68,"column":17},"end":{"line":73,"column":null}},"14":{"start":{"line":75,"column":4},"end":{"line":83,"column":null}},"15":{"start":{"line":76,"column":6},"end":{"line":76,"column":null}},"16":{"start":{"line":77,"column":6},"end":{"line":81,"column":null}},"17":{"start":{"line":82,"column":6},"end":{"line":82,"column":null}},"18":{"start":{"line":86,"column":4},"end":{"line":94,"column":null}},"19":{"start":{"line":87,"column":6},"end":{"line":87,"column":null}},"20":{"start":{"line":88,"column":6},"end":{"line":92,"column":null}},"21":{"start":{"line":93,"column":6},"end":{"line":93,"column":null}},"22":{"start":{"line":97,"column":4},"end":{"line":102,"column":null}},"23":{"start":{"line":104,"column":4},"end":{"line":104,"column":null}},"24":{"start":{"line":105,"column":4},"end":{"line":105,"column":null}},"25":{"start":{"line":107,"column":4},"end":{"line":107,"column":null}},"26":{"start":{"line":108,"column":4},"end":{"line":112,"column":null}},"27":{"start":{"line":121,"column":28},"end":{"line":187,"column":null}},"28":{"start":{"line":126,"column":2},"end":{"line":186,"column":null}},"29":{"start":{"line":127,"column":20},"end":{"line":127,"column":null}},"30":{"start":{"line":129,"column":4},"end":{"line":137,"column":null}},"31":{"start":{"line":130,"column":6},"end":{"line":130,"column":null}},"32":{"start":{"line":131,"column":6},"end":{"line":135,"column":null}},"33":{"start":{"line":136,"column":6},"end":{"line":136,"column":null}},"34":{"start":{"line":139,"column":25},"end":{"line":139,"column":null}},"35":{"start":{"line":140,"column":25},"end":{"line":140,"column":null}},"36":{"start":{"line":142,"column":4},"end":{"line":150,"column":null}},"37":{"start":{"line":143,"column":6},"end":{"line":143,"column":null}},"38":{"start":{"line":144,"column":6},"end":{"line":148,"column":null}},"39":{"start":{"line":149,"column":6},"end":{"line":149,"column":null}},"40":{"start":{"line":152,"column":17},"end":{"line":157,"column":null}},"41":{"start":{"line":159,"column":4},"end":{"line":167,"column":null}},"42":{"start":{"line":160,"column":6},"end":{"line":160,"column":null}},"43":{"start":{"line":161,"column":6},"end":{"line":165,"column":null}},"44":{"start":{"line":166,"column":6},"end":{"line":166,"column":null}},"45":{"start":{"line":170,"column":4},"end":{"line":175,"column":null}},"46":{"start":{"line":177,"column":4},"end":{"line":177,"column":null}},"47":{"start":{"line":178,"column":4},"end":{"line":178,"column":null}},"48":{"start":{"line":180,"column":4},"end":{"line":180,"column":null}},"49":{"start":{"line":181,"column":4},"end":{"line":185,"column":null}},"50":{"start":{"line":192,"column":28},"end":{"line":235,"column":null}},"51":{"start":{"line":197,"column":2},"end":{"line":234,"column":null}},"52":{"start":{"line":198,"column":20},"end":{"line":198,"column":null}},"53":{"start":{"line":200,"column":4},"end":{"line":203,"column":null}},"54":{"start":{"line":201,"column":6},"end":{"line":201,"column":null}},"55":{"start":{"line":202,"column":6},"end":{"line":202,"column":null}},"56":{"start":{"line":205,"column":25},"end":{"line":205,"column":null}},"57":{"start":{"line":206,"column":25},"end":{"line":206,"column":null}},"58":{"start":{"line":208,"column":4},"end":{"line":211,"column":null}},"59":{"start":{"line":209,"column":6},"end":{"line":209,"column":null}},"60":{"start":{"line":210,"column":6},"end":{"line":210,"column":null}},"61":{"start":{"line":213,"column":17},"end":{"line":218,"column":null}},"62":{"start":{"line":220,"column":4},"end":{"line":228,"column":null}},"63":{"start":{"line":221,"column":6},"end":{"line":226,"column":null}},"64":{"start":{"line":227,"column":6},"end":{"line":227,"column":null}},"65":{"start":{"line":230,"column":4},"end":{"line":230,"column":null}},"66":{"start":{"line":232,"column":4},"end":{"line":232,"column":null}},"67":{"start":{"line":233,"column":4},"end":{"line":233,"column":null}}},"fnMap":{"0":{"name":"(anonymous_0)","decl":{"start":{"line":33,"column":33},"end":{"line":33,"column":null}},"loc":{"start":{"line":37,"column":20},"end":{"line":114,"column":null}},"line":37},"1":{"name":"(anonymous_1)","decl":{"start":{"line":121,"column":28},"end":{"line":121,"column":null}},"loc":{"start":{"line":125,"column":20},"end":{"line":187,"column":null}},"line":125},"2":{"name":"(anonymous_2)","decl":{"start":{"line":192,"column":28},"end":{"line":192,"column":null}},"loc":{"start":{"line":196,"column":20},"end":{"line":235,"column":null}},"line":196}},"branchMap":{"0":{"loc":{"start":{"line":43,"column":4},"end":{"line":51,"column":null}},"type":"if","locations":[{"start":{"line":43,"column":4},"end":{"line":51,"column":null}},{"start":{},"end":{}}],"line":43},"1":{"loc":{"start":{"line":55,"column":25},"end":{"line":55,"column":null}},"type":"cond-expr","locations":[{"start":{"line":55,"column":40},"end":{"line":55,"column":58}},{"start":{"line":55,"column":58},"end":{"line":55,"column":null}}],"line":55},"2":{"loc":{"start":{"line":57,"column":4},"end":{"line":65,"column":null}},"type":"if","locations":[{"start":{"line":57,"column":4},"end":{"line":65,"column":null}},{"start":{},"end":{}}],"line":57},"3":{"loc":{"start":{"line":75,"column":4},"end":{"line":83,"column":null}},"type":"if","locations":[{"start":{"line":75,"column":4},"end":{"line":83,"column":null}},{"start":{},"end":{}}],"line":75},"4":{"loc":{"start":{"line":86,"column":4},"end":{"line":94,"column":null}},"type":"if","locations":[{"start":{"line":86,"column":4},"end":{"line":94,"column":null}},{"start":{},"end":{}}],"line":86},"5":{"loc":{"start":{"line":100,"column":16},"end":{"line":100,"column":null}},"type":"binary-expr","locations":[{"start":{"line":100,"column":16},"end":{"line":100,"column":42}},{"start":{"line":100,"column":42},"end":{"line":100,"column":null}}],"line":100},"6":{"loc":{"start":{"line":129,"column":4},"end":{"line":137,"column":null}},"type":"if","locations":[{"start":{"line":129,"column":4},"end":{"line":137,"column":null}},{"start":{},"end":{}}],"line":129},"7":{"loc":{"start":{"line":140,"column":25},"end":{"line":140,"column":null}},"type":"cond-expr","locations":[{"start":{"line":140,"column":40},"end":{"line":140,"column":58}},{"start":{"line":140,"column":58},"end":{"line":140,"column":null}}],"line":140},"8":{"loc":{"start":{"line":142,"column":4},"end":{"line":150,"column":null}},"type":"if","locations":[{"start":{"line":142,"column":4},"end":{"line":150,"column":null}},{"start":{},"end":{}}],"line":142},"9":{"loc":{"start":{"line":159,"column":4},"end":{"line":167,"column":null}},"type":"if","locations":[{"start":{"line":159,"column":4},"end":{"line":167,"column":null}},{"start":{},"end":{}}],"line":159},"10":{"loc":{"start":{"line":173,"column":16},"end":{"line":173,"column":null}},"type":"binary-expr","locations":[{"start":{"line":173,"column":16},"end":{"line":173,"column":42}},{"start":{"line":173,"column":42},"end":{"line":173,"column":null}}],"line":173},"11":{"loc":{"start":{"line":200,"column":4},"end":{"line":203,"column":null}},"type":"if","locations":[{"start":{"line":200,"column":4},"end":{"line":203,"column":null}},{"start":{},"end":{}}],"line":200},"12":{"loc":{"start":{"line":206,"column":25},"end":{"line":206,"column":null}},"type":"cond-expr","locations":[{"start":{"line":206,"column":40},"end":{"line":206,"column":58}},{"start":{"line":206,"column":58},"end":{"line":206,"column":null}}],"line":206},"13":{"loc":{"start":{"line":208,"column":4},"end":{"line":211,"column":null}},"type":"if","locations":[{"start":{"line":208,"column":4},"end":{"line":211,"column":null}},{"start":{},"end":{}}],"line":208},"14":{"loc":{"start":{"line":220,"column":4},"end":{"line":228,"column":null}},"type":"if","locations":[{"start":{"line":220,"column":4},"end":{"line":228,"column":null}},{"start":{},"end":{}}],"line":220},"15":{"loc":{"start":{"line":224,"column":18},"end":{"line":224,"column":null}},"type":"binary-expr","locations":[{"start":{"line":224,"column":18},"end":{"line":224,"column":44}},{"start":{"line":224,"column":44},"end":{"line":224,"column":null}}],"line":224}},"s":{"0":1,"1":8,"2":8,"3":8,"4":1,"5":1,"6":1,"7":7,"8":7,"9":8,"10":1,"11":1,"12":1,"13":6,"14":5,"15":1,"16":1,"17":1,"18":4,"19":1,"20":1,"21":1,"22":3,"23":8,"24":8,"25":1,"26":1,"27":1,"28":5,"29":5,"30":5,"31":1,"32":1,"33":1,"34":4,"35":4,"36":5,"37":0,"38":0,"39":0,"40":4,"41":3,"42":1,"43":1,"44":1,"45":2,"46":5,"47":5,"48":1,"49":1,"50":1,"51":5,"52":5,"53":5,"54":1,"55":1,"56":4,"57":4,"58":5,"59":1,"60":1,"61":3,"62":2,"63":1,"64":1,"65":2,"66":1,"67":1},"f":{"0":8,"1":5,"2":5},"b":{"0":[1,7],"1":[6,1],"2":[1,7],"3":[1,4],"4":[1,3],"5":[3,1],"6":[1,4],"7":[4,0],"8":[0,5],"9":[1,2],"10":[2,0],"11":[1,4],"12":[3,1],"13":[1,4],"14":[1,1],"15":[1,0]},"meta":{"lastBranch":16,"lastFunction":3,"lastStatement":68,"seen":{"s:33:33:114:Infinity":0,"f:33:33:33:Infinity":0,"s:38:2:113:Infinity":1,"s:41:20:41:Infinity":2,"b:43:4:51:Infinity:undefined:undefined:undefined:undefined":0,"s:43:4:51:Infinity":3,"s:44:6:44:Infinity":4,"s:45:6:49:Infinity":5,"s:50:6:50:Infinity":6,"s:54:25:54:Infinity":7,"s:55:25:55:Infinity":8,"b:55:40:55:58:55:58:55:Infinity":1,"b:57:4:65:Infinity:undefined:undefined:undefined:undefined":2,"s:57:4:65:Infinity":9,"s:58:6:58:Infinity":10,"s:59:6:63:Infinity":11,"s:64:6:64:Infinity":12,"s:68:17:73:Infinity":13,"b:75:4:83:Infinity:undefined:undefined:undefined:undefined":3,"s:75:4:83:Infinity":14,"s:76:6:76:Infinity":15,"s:77:6:81:Infinity":16,"s:82:6:82:Infinity":17,"b:86:4:94:Infinity:undefined:undefined:undefined:undefined":4,"s:86:4:94:Infinity":18,"s:87:6:87:Infinity":19,"s:88:6:92:Infinity":20,"s:93:6:93:Infinity":21,"s:97:4:102:Infinity":22,"b:100:16:100:42:100:42:100:Infinity":5,"s:104:4:104:Infinity":23,"s:105:4:105:Infinity":24,"s:107:4:107:Infinity":25,"s:108:4:112:Infinity":26,"s:121:28:187:Infinity":27,"f:121:28:121:Infinity":1,"s:126:2:186:Infinity":28,"s:127:20:127:Infinity":29,"b:129:4:137:Infinity:undefined:undefined:undefined:undefined":6,"s:129:4:137:Infinity":30,"s:130:6:130:Infinity":31,"s:131:6:135:Infinity":32,"s:136:6:136:Infinity":33,"s:139:25:139:Infinity":34,"s:140:25:140:Infinity":35,"b:140:40:140:58:140:58:140:Infinity":7,"b:142:4:150:Infinity:undefined:undefined:undefined:undefined":8,"s:142:4:150:Infinity":36,"s:143:6:143:Infinity":37,"s:144:6:148:Infinity":38,"s:149:6:149:Infinity":39,"s:152:17:157:Infinity":40,"b:159:4:167:Infinity:undefined:undefined:undefined:undefined":9,"s:159:4:167:Infinity":41,"s:160:6:160:Infinity":42,"s:161:6:165:Infinity":43,"s:166:6:166:Infinity":44,"s:170:4:175:Infinity":45,"b:173:16:173:42:173:42:173:Infinity":10,"s:177:4:177:Infinity":46,"s:178:4:178:Infinity":47,"s:180:4:180:Infinity":48,"s:181:4:185:Infinity":49,"s:192:28:235:Infinity":50,"f:192:28:192:Infinity":2,"s:197:2:234:Infinity":51,"s:198:20:198:Infinity":52,"b:200:4:203:Infinity:undefined:undefined:undefined:undefined":11,"s:200:4:203:Infinity":53,"s:201:6:201:Infinity":54,"s:202:6:202:Infinity":55,"s:205:25:205:Infinity":56,"s:206:25:206:Infinity":57,"b:206:40:206:58:206:58:206:Infinity":12,"b:208:4:211:Infinity:undefined:undefined:undefined:undefined":13,"s:208:4:211:Infinity":58,"s:209:6:209:Infinity":59,"s:210:6:210:Infinity":60,"s:213:17:218:Infinity":61,"b:220:4:228:Infinity:undefined:undefined:undefined:undefined":14,"s:220:4:228:Infinity":62,"s:221:6:226:Infinity":63,"b:224:18:224:44:224:44:224:Infinity":15,"s:227:6:227:Infinity":64,"s:230:4:230:Infinity":65,"s:232:4:232:Infinity":66,"s:233:4:233:Infinity":67}}}
,"C:\\code\\uncharted-lands\\server\\src\\api\\middleware\\rateLimit.ts": {"path":"C:\\code\\uncharted-lands\\server\\src\\api\\middleware\\rateLimit.ts","statementMap":{"0":{"start":{"line":15,"column":13},"end":{"line":33,"column":null}},"1":{"start":{"line":26,"column":4},"end":{"line":26,"column":null}},"2":{"start":{"line":27,"column":4},"end":{"line":31,"column":null}},"3":{"start":{"line":40,"column":13},"end":{"line":58,"column":null}},"4":{"start":{"line":51,"column":4},"end":{"line":51,"column":null}},"5":{"start":{"line":52,"column":4},"end":{"line":56,"column":null}},"6":{"start":{"line":65,"column":13},"end":{"line":83,"column":null}},"7":{"start":{"line":76,"column":4},"end":{"line":76,"column":null}},"8":{"start":{"line":77,"column":4},"end":{"line":81,"column":null}}},"fnMap":{"0":{"name":"(anonymous_0)","decl":{"start":{"line":25,"column":11},"end":{"line":25,"column":12}},"loc":{"start":{"line":25,"column":25},"end":{"line":32,"column":null}},"line":25},"1":{"name":"(anonymous_1)","decl":{"start":{"line":50,"column":11},"end":{"line":50,"column":12}},"loc":{"start":{"line":50,"column":25},"end":{"line":57,"column":null}},"line":50},"2":{"name":"(anonymous_2)","decl":{"start":{"line":75,"column":11},"end":{"line":75,"column":12}},"loc":{"start":{"line":75,"column":25},"end":{"line":82,"column":null}},"line":75}},"branchMap":{},"s":{"0":0,"1":0,"2":0,"3":0,"4":0,"5":0,"6":0,"7":0,"8":0},"f":{"0":0,"1":0,"2":0},"b":{},"meta":{"lastBranch":0,"lastFunction":3,"lastStatement":9,"seen":{"s:15:13:33:Infinity":0,"f:25:11:25:12":0,"s:26:4:26:Infinity":1,"s:27:4:31:Infinity":2,"s:40:13:58:Infinity":3,"f:50:11:50:12":1,"s:51:4:51:Infinity":4,"s:52:4:56:Infinity":5,"s:65:13:83:Infinity":6,"f:75:11:75:12":2,"s:76:4:76:Infinity":7,"s:77:4:81:Infinity":8}}}
,"C:\\code\\uncharted-lands\\server\\src\\api\\routes\\account.ts": {"path":"C:\\code\\uncharted-lands\\server\\src\\api\\routes\\account.ts","statementMap":{"0":{"start":{"line":13,"column":6},"end":{"line":13,"column":null}},"1":{"start":{"line":19,"column":0},"end":{"line":56,"column":null}},"2":{"start":{"line":20,"column":2},"end":{"line":55,"column":null}},"3":{"start":{"line":21,"column":4},"end":{"line":26,"column":null}},"4":{"start":{"line":22,"column":6},"end":{"line":25,"column":null}},"5":{"start":{"line":28,"column":20},"end":{"line":33,"column":null}},"6":{"start":{"line":35,"column":4},"end":{"line":40,"column":null}},"7":{"start":{"line":36,"column":6},"end":{"line":39,"column":null}},"8":{"start":{"line":43,"column":35},"end":{"line":46,"column":null}},"9":{"start":{"line":48,"column":4},"end":{"line":48,"column":null}},"10":{"start":{"line":50,"column":4},"end":{"line":50,"column":null}},"11":{"start":{"line":51,"column":4},"end":{"line":54,"column":null}}},"fnMap":{"0":{"name":"(anonymous_0)","decl":{"start":{"line":19,"column":32},"end":{"line":19,"column":39}},"loc":{"start":{"line":19,"column":52},"end":{"line":56,"column":1}},"line":19}},"branchMap":{"0":{"loc":{"start":{"line":21,"column":4},"end":{"line":26,"column":null}},"type":"if","locations":[{"start":{"line":21,"column":4},"end":{"line":26,"column":null}},{"start":{},"end":{}}],"line":21},"1":{"loc":{"start":{"line":35,"column":4},"end":{"line":40,"column":null}},"type":"if","locations":[{"start":{"line":35,"column":4},"end":{"line":40,"column":null}},{"start":{},"end":{}}],"line":35}},"s":{"0":0,"1":0,"2":0,"3":0,"4":0,"5":0,"6":0,"7":0,"8":0,"9":0,"10":0,"11":0},"f":{"0":0},"b":{"0":[0,0],"1":[0,0]},"meta":{"lastBranch":2,"lastFunction":1,"lastStatement":12,"seen":{"s:13:6:13:Infinity":0,"s:19:0:56:Infinity":1,"f:19:32:19:39":0,"s:20:2:55:Infinity":2,"b:21:4:26:Infinity:undefined:undefined:undefined:undefined":0,"s:21:4:26:Infinity":3,"s:22:6:25:Infinity":4,"s:28:20:33:Infinity":5,"b:35:4:40:Infinity:undefined:undefined:undefined:undefined":1,"s:35:4:40:Infinity":6,"s:36:6:39:Infinity":7,"s:43:35:46:Infinity":8,"s:48:4:48:Infinity":9,"s:50:4:50:Infinity":10,"s:51:4:54:Infinity":11}}}
,"C:\\code\\uncharted-lands\\server\\src\\api\\routes\\admin.ts": {"path":"C:\\code\\uncharted-lands\\server\\src\\api\\routes\\admin.ts","statementMap":{"0":{"start":{"line":13,"column":6},"end":{"line":13,"column":null}},"1":{"start":{"line":19,"column":0},"end":{"line":93,"column":null}},"2":{"start":{"line":20,"column":2},"end":{"line":92,"column":null}},"3":{"start":{"line":22,"column":26},"end":{"line":22,"column":null}},"4":{"start":{"line":23,"column":25},"end":{"line":23,"column":null}},"5":{"start":{"line":24,"column":27},"end":{"line":24,"column":null}},"6":{"start":{"line":25,"column":30},"end":{"line":25,"column":null}},"7":{"start":{"line":28,"column":26},"end":{"line":39,"column":null}},"8":{"start":{"line":30,"column":38},"end":{"line":30,"column":null}},"9":{"start":{"line":42,"column":25},"end":{"line":53,"column":null}},"10":{"start":{"line":44,"column":37},"end":{"line":44,"column":null}},"11":{"start":{"line":56,"column":26},"end":{"line":68,"column":null}},"12":{"start":{"line":58,"column":39},"end":{"line":58,"column":null}},"13":{"start":{"line":70,"column":18},"end":{"line":83,"column":null}},"14":{"start":{"line":85,"column":4},"end":{"line":85,"column":null}},"15":{"start":{"line":87,"column":4},"end":{"line":87,"column":null}},"16":{"start":{"line":88,"column":4},"end":{"line":91,"column":null}}},"fnMap":{"0":{"name":"(anonymous_0)","decl":{"start":{"line":19,"column":44},"end":{"line":19,"column":51}},"loc":{"start":{"line":19,"column":64},"end":{"line":93,"column":1}},"line":19},"1":{"name":"(anonymous_1)","decl":{"start":{"line":30,"column":15},"end":{"line":30,"column":16}},"loc":{"start":{"line":30,"column":38},"end":{"line":30,"column":null}},"line":30},"2":{"name":"(anonymous_2)","decl":{"start":{"line":44,"column":15},"end":{"line":44,"column":16}},"loc":{"start":{"line":44,"column":37},"end":{"line":44,"column":null}},"line":44},"3":{"name":"(anonymous_3)","decl":{"start":{"line":58,"column":15},"end":{"line":58,"column":16}},"loc":{"start":{"line":58,"column":39},"end":{"line":58,"column":null}},"line":58}},"branchMap":{},"s":{"0":0,"1":0,"2":0,"3":0,"4":0,"5":0,"6":0,"7":0,"8":0,"9":0,"10":0,"11":0,"12":0,"13":0,"14":0,"15":0,"16":0},"f":{"0":0,"1":0,"2":0,"3":0},"b":{},"meta":{"lastBranch":0,"lastFunction":4,"lastStatement":17,"seen":{"s:13:6:13:Infinity":0,"s:19:0:93:Infinity":1,"f:19:44:19:51":0,"s:20:2:92:Infinity":2,"s:22:26:22:Infinity":3,"s:23:25:23:Infinity":4,"s:24:27:24:Infinity":5,"s:25:30:25:Infinity":6,"s:28:26:39:Infinity":7,"f:30:15:30:16":1,"s:30:38:30:Infinity":8,"s:42:25:53:Infinity":9,"f:44:15:44:16":2,"s:44:37:44:Infinity":10,"s:56:26:68:Infinity":11,"f:58:15:58:16":3,"s:58:39:58:Infinity":12,"s:70:18:83:Infinity":13,"s:85:4:85:Infinity":14,"s:87:4:87:Infinity":15,"s:88:4:91:Infinity":16}}}
,"C:\\code\\uncharted-lands\\server\\src\\api\\routes\\auth.ts": {"path":"C:\\code\\uncharted-lands\\server\\src\\api\\routes\\auth.ts","statementMap":{"0":{"start":{"line":7,"column":6},"end":{"line":7,"column":null}},"1":{"start":{"line":13,"column":0},"end":{"line":74,"column":null}},"2":{"start":{"line":14,"column":2},"end":{"line":73,"column":null}},"3":{"start":{"line":15,"column":42},"end":{"line":15,"column":null}},"4":{"start":{"line":17,"column":4},"end":{"line":21,"column":null}},"5":{"start":{"line":18,"column":6},"end":{"line":20,"column":null}},"6":{"start":{"line":24,"column":28},"end":{"line":26,"column":null}},"7":{"start":{"line":28,"column":4},"end":{"line":32,"column":null}},"8":{"start":{"line":29,"column":6},"end":{"line":31,"column":null}},"9":{"start":{"line":36,"column":10},"end":{"line":36,"column":null}},"10":{"start":{"line":37,"column":10},"end":{"line":37,"column":null}},"11":{"start":{"line":40,"column":4},"end":{"line":48,"column":null}},"12":{"start":{"line":51,"column":4},"end":{"line":56,"column":null}},"13":{"start":{"line":59,"column":23},"end":{"line":64,"column":null}},"14":{"start":{"line":66,"column":4},"end":{"line":69,"column":null}},"15":{"start":{"line":71,"column":4},"end":{"line":71,"column":null}},"16":{"start":{"line":72,"column":4},"end":{"line":72,"column":null}},"17":{"start":{"line":80,"column":0},"end":{"line":133,"column":null}},"18":{"start":{"line":81,"column":2},"end":{"line":132,"column":null}},"19":{"start":{"line":82,"column":32},"end":{"line":82,"column":null}},"20":{"start":{"line":84,"column":4},"end":{"line":88,"column":null}},"21":{"start":{"line":85,"column":6},"end":{"line":87,"column":null}},"22":{"start":{"line":91,"column":20},"end":{"line":96,"column":null}},"23":{"start":{"line":98,"column":4},"end":{"line":102,"column":null}},"24":{"start":{"line":99,"column":6},"end":{"line":101,"column":null}},"25":{"start":{"line":106,"column":4},"end":{"line":110,"column":null}},"26":{"start":{"line":107,"column":6},"end":{"line":109,"column":null}},"27":{"start":{"line":113,"column":10},"end":{"line":113,"column":null}},"28":{"start":{"line":115,"column":4},"end":{"line":120,"column":null}},"29":{"start":{"line":122,"column":4},"end":{"line":128,"column":null}},"30":{"start":{"line":130,"column":4},"end":{"line":130,"column":null}},"31":{"start":{"line":131,"column":4},"end":{"line":131,"column":null}},"32":{"start":{"line":139,"column":0},"end":{"line":170,"column":null}},"33":{"start":{"line":140,"column":2},"end":{"line":169,"column":null}},"34":{"start":{"line":141,"column":22},"end":{"line":141,"column":null}},"35":{"start":{"line":143,"column":4},"end":{"line":147,"column":null}},"36":{"start":{"line":144,"column":6},"end":{"line":146,"column":null}},"37":{"start":{"line":149,"column":20},"end":{"line":154,"column":null}},"38":{"start":{"line":156,"column":4},"end":{"line":160,"column":null}},"39":{"start":{"line":157,"column":6},"end":{"line":159,"column":null}},"40":{"start":{"line":162,"column":4},"end":{"line":165,"column":null}},"41":{"start":{"line":167,"column":4},"end":{"line":167,"column":null}},"42":{"start":{"line":168,"column":4},"end":{"line":168,"column":null}}},"fnMap":{"0":{"name":"(anonymous_0)","decl":{"start":{"line":13,"column":25},"end":{"line":13,"column":32}},"loc":{"start":{"line":13,"column":45},"end":{"line":74,"column":1}},"line":13},"1":{"name":"(anonymous_1)","decl":{"start":{"line":80,"column":22},"end":{"line":80,"column":29}},"loc":{"start":{"line":80,"column":42},"end":{"line":133,"column":1}},"line":80},"2":{"name":"(anonymous_2)","decl":{"start":{"line":139,"column":25},"end":{"line":139,"column":32}},"loc":{"start":{"line":139,"column":45},"end":{"line":170,"column":1}},"line":139}},"branchMap":{"0":{"loc":{"start":{"line":17,"column":4},"end":{"line":21,"column":null}},"type":"if","locations":[{"start":{"line":17,"column":4},"end":{"line":21,"column":null}},{"start":{},"end":{}}],"line":17},"1":{"loc":{"start":{"line":17,"column":8},"end":{"line":17,"column":42}},"type":"binary-expr","locations":[{"start":{"line":17,"column":8},"end":{"line":17,"column":18}},{"start":{"line":17,"column":18},"end":{"line":17,"column":31}},{"start":{"line":17,"column":31},"end":{"line":17,"column":42}}],"line":17},"2":{"loc":{"start":{"line":28,"column":4},"end":{"line":32,"column":null}},"type":"if","locations":[{"start":{"line":28,"column":4},"end":{"line":32,"column":null}},{"start":{},"end":{}}],"line":28},"3":{"loc":{"start":{"line":84,"column":4},"end":{"line":88,"column":null}},"type":"if","locations":[{"start":{"line":84,"column":4},"end":{"line":88,"column":null}},{"start":{},"end":{}}],"line":84},"4":{"loc":{"start":{"line":84,"column":8},"end":{"line":84,"column":29}},"type":"binary-expr","locations":[{"start":{"line":84,"column":8},"end":{"line":84,"column":18}},{"start":{"line":84,"column":18},"end":{"line":84,"column":29}}],"line":84},"5":{"loc":{"start":{"line":98,"column":4},"end":{"line":102,"column":null}},"type":"if","locations":[{"start":{"line":98,"column":4},"end":{"line":102,"column":null}},{"start":{},"end":{}}],"line":98},"6":{"loc":{"start":{"line":106,"column":4},"end":{"line":110,"column":null}},"type":"if","locations":[{"start":{"line":106,"column":4},"end":{"line":110,"column":null}},{"start":{},"end":{}}],"line":106},"7":{"loc":{"start":{"line":143,"column":4},"end":{"line":147,"column":null}},"type":"if","locations":[{"start":{"line":143,"column":4},"end":{"line":147,"column":null}},{"start":{},"end":{}}],"line":143},"8":{"loc":{"start":{"line":156,"column":4},"end":{"line":160,"column":null}},"type":"if","locations":[{"start":{"line":156,"column":4},"end":{"line":160,"column":null}},{"start":{},"end":{}}],"line":156}},"s":{"0":0,"1":0,"2":0,"3":0,"4":0,"5":0,"6":0,"7":0,"8":0,"9":0,"10":0,"11":0,"12":0,"13":0,"14":0,"15":0,"16":0,"17":0,"18":0,"19":0,"20":0,"21":0,"22":0,"23":0,"24":0,"25":0,"26":0,"27":0,"28":0,"29":0,"30":0,"31":0,"32":0,"33":0,"34":0,"35":0,"36":0,"37":0,"38":0,"39":0,"40":0,"41":0,"42":0},"f":{"0":0,"1":0,"2":0},"b":{"0":[0,0],"1":[0,0,0],"2":[0,0],"3":[0,0],"4":[0,0],"5":[0,0],"6":[0,0],"7":[0,0],"8":[0,0]},"meta":{"lastBranch":9,"lastFunction":3,"lastStatement":43,"seen":{"s:7:6:7:Infinity":0,"s:13:0:74:Infinity":1,"f:13:25:13:32":0,"s:14:2:73:Infinity":2,"s:15:42:15:Infinity":3,"b:17:4:21:Infinity:undefined:undefined:undefined:undefined":0,"s:17:4:21:Infinity":4,"b:17:8:17:18:17:18:17:31:17:31:17:42":1,"s:18:6:20:Infinity":5,"s:24:28:26:Infinity":6,"b:28:4:32:Infinity:undefined:undefined:undefined:undefined":2,"s:28:4:32:Infinity":7,"s:29:6:31:Infinity":8,"s:36:10:36:Infinity":9,"s:37:10:37:Infinity":10,"s:40:4:48:Infinity":11,"s:51:4:56:Infinity":12,"s:59:23:64:Infinity":13,"s:66:4:69:Infinity":14,"s:71:4:71:Infinity":15,"s:72:4:72:Infinity":16,"s:80:0:133:Infinity":17,"f:80:22:80:29":1,"s:81:2:132:Infinity":18,"s:82:32:82:Infinity":19,"b:84:4:88:Infinity:undefined:undefined:undefined:undefined":3,"s:84:4:88:Infinity":20,"b:84:8:84:18:84:18:84:29":4,"s:85:6:87:Infinity":21,"s:91:20:96:Infinity":22,"b:98:4:102:Infinity:undefined:undefined:undefined:undefined":5,"s:98:4:102:Infinity":23,"s:99:6:101:Infinity":24,"b:106:4:110:Infinity:undefined:undefined:undefined:undefined":6,"s:106:4:110:Infinity":25,"s:107:6:109:Infinity":26,"s:113:10:113:Infinity":27,"s:115:4:120:Infinity":28,"s:122:4:128:Infinity":29,"s:130:4:130:Infinity":30,"s:131:4:131:Infinity":31,"s:139:0:170:Infinity":32,"f:139:25:139:32":2,"s:140:2:169:Infinity":33,"s:141:22:141:Infinity":34,"b:143:4:147:Infinity:undefined:undefined:undefined:undefined":7,"s:143:4:147:Infinity":35,"s:144:6:146:Infinity":36,"s:149:20:154:Infinity":37,"b:156:4:160:Infinity:undefined:undefined:undefined:undefined":8,"s:156:4:160:Infinity":38,"s:157:6:159:Infinity":39,"s:162:4:165:Infinity":40,"s:167:4:167:Infinity":41,"s:168:4:168:Infinity":42}}}
,"C:\\code\\uncharted-lands\\server\\src\\api\\routes\\geography.ts": {"path":"C:\\code\\uncharted-lands\\server\\src\\api\\routes\\geography.ts","statementMap":{"0":{"start":{"line":13,"column":6},"end":{"line":13,"column":null}},"1":{"start":{"line":25,"column":0},"end":{"line":107,"column":null}},"2":{"start":{"line":26,"column":2},"end":{"line":106,"column":null}},"3":{"start":{"line":27,"column":74},"end":{"line":27,"column":null}},"4":{"start":{"line":29,"column":4},"end":{"line":34,"column":null}},"5":{"start":{"line":30,"column":6},"end":{"line":33,"column":null}},"6":{"start":{"line":43,"column":4},"end":{"line":56,"column":null}},"7":{"start":{"line":44,"column":25},"end":{"line":44,"column":null}},"8":{"start":{"line":45,"column":25},"end":{"line":45,"column":null}},"9":{"start":{"line":46,"column":24},"end":{"line":46,"column":null}},"10":{"start":{"line":47,"column":6},"end":{"line":47,"column":null}},"11":{"start":{"line":48,"column":6},"end":{"line":48,"column":null}},"12":{"start":{"line":49,"column":6},"end":{"line":49,"column":null}},"13":{"start":{"line":50,"column":6},"end":{"line":50,"column":null}},"14":{"start":{"line":51,"column":4},"end":{"line":56,"column":null}},"15":{"start":{"line":52,"column":6},"end":{"line":52,"column":null}},"16":{"start":{"line":53,"column":6},"end":{"line":53,"column":null}},"17":{"start":{"line":54,"column":6},"end":{"line":54,"column":null}},"18":{"start":{"line":55,"column":6},"end":{"line":55,"column":null}},"19":{"start":{"line":59,"column":28},"end":{"line":59,"column":null}},"20":{"start":{"line":61,"column":4},"end":{"line":64,"column":null}},"21":{"start":{"line":62,"column":6},"end":{"line":62,"column":null}},"22":{"start":{"line":63,"column":6},"end":{"line":63,"column":null}},"23":{"start":{"line":66,"column":4},"end":{"line":69,"column":null}},"24":{"start":{"line":67,"column":6},"end":{"line":67,"column":null}},"25":{"start":{"line":68,"column":6},"end":{"line":68,"column":null}},"26":{"start":{"line":71,"column":25},"end":{"line":85,"column":null}},"27":{"start":{"line":87,"column":4},"end":{"line":88,"column":null}},"28":{"start":{"line":90,"column":4},"end":{"line":99,"column":null}},"29":{"start":{"line":101,"column":4},"end":{"line":101,"column":null}},"30":{"start":{"line":102,"column":4},"end":{"line":105,"column":null}},"31":{"start":{"line":113,"column":0},"end":{"line":144,"column":null}},"32":{"start":{"line":114,"column":2},"end":{"line":143,"column":null}},"33":{"start":{"line":115,"column":19},"end":{"line":115,"column":null}},"34":{"start":{"line":117,"column":19},"end":{"line":127,"column":null}},"35":{"start":{"line":129,"column":4},"end":{"line":134,"column":null}},"36":{"start":{"line":130,"column":6},"end":{"line":133,"column":null}},"37":{"start":{"line":136,"column":4},"end":{"line":136,"column":null}},"38":{"start":{"line":138,"column":4},"end":{"line":138,"column":null}},"39":{"start":{"line":139,"column":4},"end":{"line":142,"column":null}},"40":{"start":{"line":154,"column":0},"end":{"line":186,"column":null}},"41":{"start":{"line":155,"column":2},"end":{"line":185,"column":null}},"42":{"start":{"line":156,"column":19},"end":{"line":156,"column":null}},"43":{"start":{"line":158,"column":17},"end":{"line":169,"column":null}},"44":{"start":{"line":171,"column":4},"end":{"line":176,"column":null}},"45":{"start":{"line":172,"column":6},"end":{"line":175,"column":null}},"46":{"start":{"line":178,"column":4},"end":{"line":178,"column":null}},"47":{"start":{"line":180,"column":4},"end":{"line":180,"column":null}},"48":{"start":{"line":181,"column":4},"end":{"line":184,"column":null}},"49":{"start":{"line":196,"column":0},"end":{"line":231,"column":null}},"50":{"start":{"line":197,"column":2},"end":{"line":230,"column":null}},"51":{"start":{"line":198,"column":19},"end":{"line":198,"column":null}},"52":{"start":{"line":200,"column":17},"end":{"line":214,"column":null}},"53":{"start":{"line":216,"column":4},"end":{"line":221,"column":null}},"54":{"start":{"line":217,"column":6},"end":{"line":220,"column":null}},"55":{"start":{"line":223,"column":4},"end":{"line":223,"column":null}},"56":{"start":{"line":225,"column":4},"end":{"line":225,"column":null}},"57":{"start":{"line":226,"column":4},"end":{"line":229,"column":null}},"58":{"start":{"line":250,"column":0},"end":{"line":417,"column":null}},"59":{"start":{"line":251,"column":2},"end":{"line":416,"column":null}},"60":{"start":{"line":252,"column":52},"end":{"line":252,"column":null}},"61":{"start":{"line":254,"column":4},"end":{"line":259,"column":null}},"62":{"start":{"line":255,"column":6},"end":{"line":258,"column":null}},"63":{"start":{"line":261,"column":4},"end":{"line":261,"column":null}},"64":{"start":{"line":264,"column":23},"end":{"line":285,"column":null}},"65":{"start":{"line":290,"column":32},"end":{"line":290,"column":null}},"66":{"start":{"line":292,"column":4},"end":{"line":334,"column":null}},"67":{"start":{"line":294,"column":6},"end":{"line":294,"column":null}},"68":{"start":{"line":295,"column":6},"end":{"line":295,"column":null}},"69":{"start":{"line":296,"column":6},"end":{"line":296,"column":null}},"70":{"start":{"line":298,"column":6},"end":{"line":308,"column":null}},"71":{"start":{"line":310,"column":6},"end":{"line":310,"column":null}},"72":{"start":{"line":313,"column":6},"end":{"line":313,"column":null}},"73":{"start":{"line":315,"column":28},"end":{"line":319,"column":null}},"74":{"start":{"line":321,"column":6},"end":{"line":326,"column":null}},"75":{"start":{"line":322,"column":8},"end":{"line":325,"column":null}},"76":{"start":{"line":328,"column":6},"end":{"line":328,"column":null}},"77":{"start":{"line":330,"column":6},"end":{"line":330,"column":null}},"78":{"start":{"line":331,"column":6},"end":{"line":331,"column":null}},"79":{"start":{"line":333,"column":6},"end":{"line":333,"column":null}},"80":{"start":{"line":337,"column":4},"end":{"line":341,"column":null}},"81":{"start":{"line":338,"column":6},"end":{"line":338,"column":null}},"82":{"start":{"line":339,"column":6},"end":{"line":339,"column":null}},"83":{"start":{"line":340,"column":6},"end":{"line":340,"column":null}},"84":{"start":{"line":344,"column":18},"end":{"line":349,"column":null}},"85":{"start":{"line":351,"column":4},"end":{"line":356,"column":null}},"86":{"start":{"line":352,"column":6},"end":{"line":355,"column":null}},"87":{"start":{"line":359,"column":22},"end":{"line":359,"column":null}},"88":{"start":{"line":360,"column":22},"end":{"line":360,"column":null}},"89":{"start":{"line":361,"column":22},"end":{"line":361,"column":null}},"90":{"start":{"line":362,"column":22},"end":{"line":362,"column":null}},"91":{"start":{"line":363,"column":22},"end":{"line":363,"column":null}},"92":{"start":{"line":365,"column":23},"end":{"line":385,"column":null}},"93":{"start":{"line":387,"column":4},"end":{"line":387,"column":null}},"94":{"start":{"line":390,"column":21},"end":{"line":407,"column":null}},"95":{"start":{"line":409,"column":4},"end":{"line":409,"column":null}},"96":{"start":{"line":411,"column":4},"end":{"line":411,"column":null}},"97":{"start":{"line":412,"column":4},"end":{"line":415,"column":null}}},"fnMap":{"0":{"name":"(anonymous_0)","decl":{"start":{"line":25,"column":30},"end":{"line":25,"column":37}},"loc":{"start":{"line":25,"column":50},"end":{"line":107,"column":1}},"line":25},"1":{"name":"(anonymous_1)","decl":{"start":{"line":113,"column":38},"end":{"line":113,"column":45}},"loc":{"start":{"line":113,"column":58},"end":{"line":144,"column":1}},"line":113},"2":{"name":"(anonymous_2)","decl":{"start":{"line":154,"column":44},"end":{"line":154,"column":51}},"loc":{"start":{"line":154,"column":64},"end":{"line":186,"column":1}},"line":154},"3":{"name":"(anonymous_3)","decl":{"start":{"line":196,"column":44},"end":{"line":196,"column":51}},"loc":{"start":{"line":196,"column":64},"end":{"line":231,"column":1}},"line":196},"4":{"name":"(anonymous_4)","decl":{"start":{"line":250,"column":33},"end":{"line":250,"column":40}},"loc":{"start":{"line":250,"column":53},"end":{"line":417,"column":1}},"line":250}},"branchMap":{"0":{"loc":{"start":{"line":29,"column":4},"end":{"line":34,"column":null}},"type":"if","locations":[{"start":{"line":29,"column":4},"end":{"line":34,"column":null}},{"start":{},"end":{}}],"line":29},"1":{"loc":{"start":{"line":29,"column":8},"end":{"line":29,"column":49}},"type":"binary-expr","locations":[{"start":{"line":29,"column":8},"end":{"line":29,"column":20}},{"start":{"line":29,"column":20},"end":{"line":29,"column":49}}],"line":29},"2":{"loc":{"start":{"line":43,"column":4},"end":{"line":56,"column":null}},"type":"if","locations":[{"start":{"line":43,"column":4},"end":{"line":56,"column":null}},{"start":{"line":51,"column":4},"end":{"line":56,"column":null}}],"line":43},"3":{"loc":{"start":{"line":43,"column":8},"end":{"line":43,"column":28}},"type":"binary-expr","locations":[{"start":{"line":43,"column":8},"end":{"line":43,"column":19}},{"start":{"line":43,"column":19},"end":{"line":43,"column":28}}],"line":43},"4":{"loc":{"start":{"line":46,"column":41},"end":{"line":46,"column":65}},"type":"binary-expr","locations":[{"start":{"line":46,"column":41},"end":{"line":46,"column":62}},{"start":{"line":46,"column":62},"end":{"line":46,"column":65}}],"line":46},"5":{"loc":{"start":{"line":51,"column":4},"end":{"line":56,"column":null}},"type":"if","locations":[{"start":{"line":51,"column":4},"end":{"line":56,"column":null}},{"start":{},"end":{}}],"line":51},"6":{"loc":{"start":{"line":51,"column":15},"end":{"line":51,"column":45}},"type":"binary-expr","locations":[{"start":{"line":51,"column":15},"end":{"line":51,"column":23}},{"start":{"line":51,"column":23},"end":{"line":51,"column":31}},{"start":{"line":51,"column":31},"end":{"line":51,"column":39}},{"start":{"line":51,"column":39},"end":{"line":51,"column":45}}],"line":51},"7":{"loc":{"start":{"line":61,"column":4},"end":{"line":64,"column":null}},"type":"if","locations":[{"start":{"line":61,"column":4},"end":{"line":64,"column":null}},{"start":{},"end":{}}],"line":61},"8":{"loc":{"start":{"line":61,"column":8},"end":{"line":61,"column":60}},"type":"binary-expr","locations":[{"start":{"line":61,"column":8},"end":{"line":61,"column":35}},{"start":{"line":61,"column":35},"end":{"line":61,"column":60}}],"line":61},"9":{"loc":{"start":{"line":66,"column":4},"end":{"line":69,"column":null}},"type":"if","locations":[{"start":{"line":66,"column":4},"end":{"line":69,"column":null}},{"start":{},"end":{}}],"line":66},"10":{"loc":{"start":{"line":66,"column":8},"end":{"line":66,"column":60}},"type":"binary-expr","locations":[{"start":{"line":66,"column":8},"end":{"line":66,"column":35}},{"start":{"line":66,"column":35},"end":{"line":66,"column":60}}],"line":66},"11":{"loc":{"start":{"line":88,"column":7},"end":{"line":88,"column":104}},"type":"cond-expr","locations":[{"start":{"line":88,"column":33},"end":{"line":88,"column":101}},{"start":{"line":88,"column":101},"end":{"line":88,"column":104}}],"line":88},"12":{"loc":{"start":{"line":93,"column":14},"end":{"line":98,"column":null}},"type":"cond-expr","locations":[{"start":{"line":93,"column":40},"end":{"line":98,"column":10}},{"start":{"line":98,"column":10},"end":{"line":98,"column":null}}],"line":93},"13":{"loc":{"start":{"line":129,"column":4},"end":{"line":134,"column":null}},"type":"if","locations":[{"start":{"line":129,"column":4},"end":{"line":134,"column":null}},{"start":{},"end":{}}],"line":129},"14":{"loc":{"start":{"line":171,"column":4},"end":{"line":176,"column":null}},"type":"if","locations":[{"start":{"line":171,"column":4},"end":{"line":176,"column":null}},{"start":{},"end":{}}],"line":171},"15":{"loc":{"start":{"line":216,"column":4},"end":{"line":221,"column":null}},"type":"if","locations":[{"start":{"line":216,"column":4},"end":{"line":221,"column":null}},{"start":{},"end":{}}],"line":216},"16":{"loc":{"start":{"line":254,"column":4},"end":{"line":259,"column":null}},"type":"if","locations":[{"start":{"line":254,"column":4},"end":{"line":259,"column":null}},{"start":{},"end":{}}],"line":254},"17":{"loc":{"start":{"line":254,"column":8},"end":{"line":254,"column":53}},"type":"binary-expr","locations":[{"start":{"line":254,"column":8},"end":{"line":254,"column":22}},{"start":{"line":254,"column":22},"end":{"line":254,"column":53}}],"line":254},"18":{"loc":{"start":{"line":292,"column":4},"end":{"line":334,"column":null}},"type":"if","locations":[{"start":{"line":292,"column":4},"end":{"line":334,"column":null}},{"start":{"line":311,"column":11},"end":{"line":334,"column":null}}],"line":292},"19":{"loc":{"start":{"line":292,"column":8},"end":{"line":292,"column":53}},"type":"binary-expr","locations":[{"start":{"line":292,"column":8},"end":{"line":292,"column":22}},{"start":{"line":292,"column":22},"end":{"line":292,"column":53}}],"line":292},"20":{"loc":{"start":{"line":321,"column":6},"end":{"line":326,"column":null}},"type":"if","locations":[{"start":{"line":321,"column":6},"end":{"line":326,"column":null}},{"start":{},"end":{}}],"line":321},"21":{"loc":{"start":{"line":337,"column":4},"end":{"line":341,"column":null}},"type":"if","locations":[{"start":{"line":337,"column":4},"end":{"line":341,"column":null}},{"start":{},"end":{}}],"line":337},"22":{"loc":{"start":{"line":337,"column":8},"end":{"line":337,"column":28}},"type":"binary-expr","locations":[{"start":{"line":337,"column":8},"end":{"line":337,"column":19}},{"start":{"line":337,"column":19},"end":{"line":337,"column":28}}],"line":337},"23":{"loc":{"start":{"line":351,"column":4},"end":{"line":356,"column":null}},"type":"if","locations":[{"start":{"line":351,"column":4},"end":{"line":356,"column":null}},{"start":{},"end":{}}],"line":351},"24":{"loc":{"start":{"line":359,"column":22},"end":{"line":359,"column":null}},"type":"cond-expr","locations":[{"start":{"line":359,"column":31},"end":{"line":359,"column":67}},{"start":{"line":359,"column":67},"end":{"line":359,"column":null}}],"line":359}},"s":{"0":0,"1":0,"2":0,"3":0,"4":0,"5":0,"6":0,"7":0,"8":0,"9":0,"10":0,"11":0,"12":0,"13":0,"14":0,"15":0,"16":0,"17":0,"18":0,"19":0,"20":0,"21":0,"22":0,"23":0,"24":0,"25":0,"26":0,"27":0,"28":0,"29":0,"30":0,"31":0,"32":0,"33":0,"34":0,"35":0,"36":0,"37":0,"38":0,"39":0,"40":0,"41":0,"42":0,"43":0,"44":0,"45":0,"46":0,"47":0,"48":0,"49":0,"50":0,"51":0,"52":0,"53":0,"54":0,"55":0,"56":0,"57":0,"58":0,"59":0,"60":0,"61":0,"62":0,"63":0,"64":0,"65":0,"66":0,"67":0,"68":0,"69":0,"70":0,"71":0,"72":0,"73":0,"74":0,"75":0,"76":0,"77":0,"78":0,"79":0,"80":0,"81":0,"82":0,"83":0,"84":0,"85":0,"86":0,"87":0,"88":0,"89":0,"90":0,"91":0,"92":0,"93":0,"94":0,"95":0,"96":0,"97":0},"f":{"0":0,"1":0,"2":0,"3":0,"4":0},"b":{"0":[0,0],"1":[0,0],"2":[0,0],"3":[0,0],"4":[0,0],"5":[0,0],"6":[0,0,0,0],"7":[0,0],"8":[0,0],"9":[0,0],"10":[0,0],"11":[0,0],"12":[0,0],"13":[0,0],"14":[0,0],"15":[0,0],"16":[0,0],"17":[0,0],"18":[0,0],"19":[0,0],"20":[0,0],"21":[0,0],"22":[0,0],"23":[0,0],"24":[0,0]},"meta":{"lastBranch":25,"lastFunction":5,"lastStatement":98,"seen":{"s:13:6:13:Infinity":0,"s:25:0:107:Infinity":1,"f:25:30:25:37":0,"s:26:2:106:Infinity":2,"s:27:74:27:Infinity":3,"b:29:4:34:Infinity:undefined:undefined:undefined:undefined":0,"s:29:4:34:Infinity":4,"b:29:8:29:20:29:20:29:49":1,"s:30:6:33:Infinity":5,"b:43:4:56:Infinity:51:4:56:Infinity":2,"s:43:4:56:Infinity":6,"b:43:8:43:19:43:19:43:28":3,"s:44:25:44:Infinity":7,"s:45:25:45:Infinity":8,"s:46:24:46:Infinity":9,"b:46:41:46:62:46:62:46:65":4,"s:47:6:47:Infinity":10,"s:48:6:48:Infinity":11,"s:49:6:49:Infinity":12,"s:50:6:50:Infinity":13,"b:51:4:56:Infinity:undefined:undefined:undefined:undefined":5,"s:51:4:56:Infinity":14,"b:51:15:51:23:51:23:51:31:51:31:51:39:51:39:51:45":6,"s:52:6:52:Infinity":15,"s:53:6:53:Infinity":16,"s:54:6:54:Infinity":17,"s:55:6:55:Infinity":18,"s:59:28:59:Infinity":19,"b:61:4:64:Infinity:undefined:undefined:undefined:undefined":7,"s:61:4:64:Infinity":20,"b:61:8:61:35:61:35:61:60":8,"s:62:6:62:Infinity":21,"s:63:6:63:Infinity":22,"b:66:4:69:Infinity:undefined:undefined:undefined:undefined":9,"s:66:4:69:Infinity":23,"b:66:8:66:35:66:35:66:60":10,"s:67:6:67:Infinity":24,"s:68:6:68:Infinity":25,"s:71:25:85:Infinity":26,"s:87:4:88:Infinity":27,"b:88:33:88:101:88:101:88:104":11,"s:90:4:99:Infinity":28,"b:93:40:98:10:98:10:98:Infinity":12,"s:101:4:101:Infinity":29,"s:102:4:105:Infinity":30,"s:113:0:144:Infinity":31,"f:113:38:113:45":1,"s:114:2:143:Infinity":32,"s:115:19:115:Infinity":33,"s:117:19:127:Infinity":34,"b:129:4:134:Infinity:undefined:undefined:undefined:undefined":13,"s:129:4:134:Infinity":35,"s:130:6:133:Infinity":36,"s:136:4:136:Infinity":37,"s:138:4:138:Infinity":38,"s:139:4:142:Infinity":39,"s:154:0:186:Infinity":40,"f:154:44:154:51":2,"s:155:2:185:Infinity":41,"s:156:19:156:Infinity":42,"s:158:17:169:Infinity":43,"b:171:4:176:Infinity:undefined:undefined:undefined:undefined":14,"s:171:4:176:Infinity":44,"s:172:6:175:Infinity":45,"s:178:4:178:Infinity":46,"s:180:4:180:Infinity":47,"s:181:4:184:Infinity":48,"s:196:0:231:Infinity":49,"f:196:44:196:51":3,"s:197:2:230:Infinity":50,"s:198:19:198:Infinity":51,"s:200:17:214:Infinity":52,"b:216:4:221:Infinity:undefined:undefined:undefined:undefined":15,"s:216:4:221:Infinity":53,"s:217:6:220:Infinity":54,"s:223:4:223:Infinity":55,"s:225:4:225:Infinity":56,"s:226:4:229:Infinity":57,"s:250:0:417:Infinity":58,"f:250:33:250:40":4,"s:251:2:416:Infinity":59,"s:252:52:252:Infinity":60,"b:254:4:259:Infinity:undefined:undefined:undefined:undefined":16,"s:254:4:259:Infinity":61,"b:254:8:254:22:254:22:254:53":17,"s:255:6:258:Infinity":62,"s:261:4:261:Infinity":63,"s:264:23:285:Infinity":64,"s:290:32:290:Infinity":65,"b:292:4:334:Infinity:311:11:334:Infinity":18,"s:292:4:334:Infinity":66,"b:292:8:292:22:292:22:292:53":19,"s:294:6:294:Infinity":67,"s:295:6:295:Infinity":68,"s:296:6:296:Infinity":69,"s:298:6:308:Infinity":70,"s:310:6:310:Infinity":71,"s:313:6:313:Infinity":72,"s:315:28:319:Infinity":73,"b:321:6:326:Infinity:undefined:undefined:undefined:undefined":20,"s:321:6:326:Infinity":74,"s:322:8:325:Infinity":75,"s:328:6:328:Infinity":76,"s:330:6:330:Infinity":77,"s:331:6:331:Infinity":78,"s:333:6:333:Infinity":79,"b:337:4:341:Infinity:undefined:undefined:undefined:undefined":21,"s:337:4:341:Infinity":80,"b:337:8:337:19:337:19:337:28":22,"s:338:6:338:Infinity":81,"s:339:6:339:Infinity":82,"s:340:6:340:Infinity":83,"s:344:18:349:Infinity":84,"b:351:4:356:Infinity:undefined:undefined:undefined:undefined":23,"s:351:4:356:Infinity":85,"s:352:6:355:Infinity":86,"s:359:22:359:Infinity":87,"b:359:31:359:67:359:67:359:Infinity":24,"s:360:22:360:Infinity":88,"s:361:22:361:Infinity":89,"s:362:22:362:Infinity":90,"s:363:22:363:Infinity":91,"s:365:23:385:Infinity":92,"s:387:4:387:Infinity":93,"s:390:21:407:Infinity":94,"s:409:4:409:Infinity":95,"s:411:4:411:Infinity":96,"s:412:4:415:Infinity":97}}}
,"C:\\code\\uncharted-lands\\server\\src\\api\\routes\\players.ts": {"path":"C:\\code\\uncharted-lands\\server\\src\\api\\routes\\players.ts","statementMap":{"0":{"start":{"line":13,"column":6},"end":{"line":13,"column":null}},"1":{"start":{"line":19,"column":0},"end":{"line":36,"column":null}},"2":{"start":{"line":20,"column":2},"end":{"line":35,"column":null}},"3":{"start":{"line":21,"column":24},"end":{"line":26,"column":null}},"4":{"start":{"line":25,"column":39},"end":{"line":25,"column":null}},"5":{"start":{"line":28,"column":4},"end":{"line":28,"column":null}},"6":{"start":{"line":30,"column":4},"end":{"line":30,"column":null}},"7":{"start":{"line":31,"column":4},"end":{"line":34,"column":null}},"8":{"start":{"line":42,"column":0},"end":{"line":88,"column":null}},"9":{"start":{"line":43,"column":2},"end":{"line":87,"column":null}},"10":{"start":{"line":44,"column":19},"end":{"line":44,"column":null}},"11":{"start":{"line":46,"column":20},"end":{"line":71,"column":null}},"12":{"start":{"line":73,"column":4},"end":{"line":78,"column":null}},"13":{"start":{"line":74,"column":6},"end":{"line":77,"column":null}},"14":{"start":{"line":80,"column":4},"end":{"line":80,"column":null}},"15":{"start":{"line":82,"column":4},"end":{"line":82,"column":null}},"16":{"start":{"line":83,"column":4},"end":{"line":86,"column":null}},"17":{"start":{"line":94,"column":0},"end":{"line":137,"column":null}},"18":{"start":{"line":95,"column":2},"end":{"line":136,"column":null}},"19":{"start":{"line":96,"column":19},"end":{"line":96,"column":null}},"20":{"start":{"line":97,"column":21},"end":{"line":97,"column":null}},"21":{"start":{"line":100,"column":21},"end":{"line":102,"column":null}},"22":{"start":{"line":104,"column":4},"end":{"line":109,"column":null}},"23":{"start":{"line":105,"column":6},"end":{"line":108,"column":null}},"24":{"start":{"line":112,"column":4},"end":{"line":117,"column":null}},"25":{"start":{"line":113,"column":6},"end":{"line":116,"column":null}},"26":{"start":{"line":120,"column":22},"end":{"line":126,"column":null}},"27":{"start":{"line":128,"column":4},"end":{"line":128,"column":null}},"28":{"start":{"line":129,"column":4},"end":{"line":129,"column":null}},"29":{"start":{"line":131,"column":4},"end":{"line":131,"column":null}},"30":{"start":{"line":132,"column":4},"end":{"line":135,"column":null}},"31":{"start":{"line":143,"column":0},"end":{"line":177,"column":null}},"32":{"start":{"line":144,"column":2},"end":{"line":176,"column":null}},"33":{"start":{"line":145,"column":19},"end":{"line":145,"column":null}},"34":{"start":{"line":148,"column":21},"end":{"line":153,"column":null}},"35":{"start":{"line":155,"column":4},"end":{"line":160,"column":null}},"36":{"start":{"line":156,"column":6},"end":{"line":159,"column":null}},"37":{"start":{"line":163,"column":4},"end":{"line":163,"column":null}},"38":{"start":{"line":165,"column":4},"end":{"line":165,"column":null}},"39":{"start":{"line":166,"column":4},"end":{"line":169,"column":null}},"40":{"start":{"line":171,"column":4},"end":{"line":171,"column":null}},"41":{"start":{"line":172,"column":4},"end":{"line":175,"column":null}}},"fnMap":{"0":{"name":"(anonymous_0)","decl":{"start":{"line":19,"column":35},"end":{"line":19,"column":42}},"loc":{"start":{"line":19,"column":55},"end":{"line":36,"column":1}},"line":19},"1":{"name":"(anonymous_1)","decl":{"start":{"line":25,"column":15},"end":{"line":25,"column":16}},"loc":{"start":{"line":25,"column":39},"end":{"line":25,"column":null}},"line":25},"2":{"name":"(anonymous_2)","decl":{"start":{"line":42,"column":38},"end":{"line":42,"column":45}},"loc":{"start":{"line":42,"column":58},"end":{"line":88,"column":1}},"line":42},"3":{"name":"(anonymous_3)","decl":{"start":{"line":94,"column":38},"end":{"line":94,"column":45}},"loc":{"start":{"line":94,"column":58},"end":{"line":137,"column":1}},"line":94},"4":{"name":"(anonymous_4)","decl":{"start":{"line":143,"column":41},"end":{"line":143,"column":48}},"loc":{"start":{"line":143,"column":61},"end":{"line":177,"column":1}},"line":143}},"branchMap":{"0":{"loc":{"start":{"line":73,"column":4},"end":{"line":78,"column":null}},"type":"if","locations":[{"start":{"line":73,"column":4},"end":{"line":78,"column":null}},{"start":{},"end":{}}],"line":73},"1":{"loc":{"start":{"line":104,"column":4},"end":{"line":109,"column":null}},"type":"if","locations":[{"start":{"line":104,"column":4},"end":{"line":109,"column":null}},{"start":{},"end":{}}],"line":104},"2":{"loc":{"start":{"line":112,"column":4},"end":{"line":117,"column":null}},"type":"if","locations":[{"start":{"line":112,"column":4},"end":{"line":117,"column":null}},{"start":{},"end":{}}],"line":112},"3":{"loc":{"start":{"line":112,"column":8},"end":{"line":112,"column":72}},"type":"binary-expr","locations":[{"start":{"line":112,"column":8},"end":{"line":112,"column":16}},{"start":{"line":112,"column":16},"end":{"line":112,"column":72}}],"line":112},"4":{"loc":{"start":{"line":122,"column":14},"end":{"line":122,"column":null}},"type":"binary-expr","locations":[{"start":{"line":122,"column":14},"end":{"line":122,"column":22}},{"start":{"line":122,"column":22},"end":{"line":122,"column":null}}],"line":122},"5":{"loc":{"start":{"line":155,"column":4},"end":{"line":160,"column":null}},"type":"if","locations":[{"start":{"line":155,"column":4},"end":{"line":160,"column":null}},{"start":{},"end":{}}],"line":155},"6":{"loc":{"start":{"line":168,"column":26},"end":{"line":168,"column":70}},"type":"binary-expr","locations":[{"start":{"line":168,"column":26},"end":{"line":168,"column":56}},{"start":{"line":168,"column":56},"end":{"line":168,"column":70}}],"line":168}},"s":{"0":0,"1":0,"2":0,"3":0,"4":0,"5":0,"6":0,"7":0,"8":0,"9":0,"10":0,"11":0,"12":0,"13":0,"14":0,"15":0,"16":0,"17":0,"18":0,"19":0,"20":0,"21":0,"22":0,"23":0,"24":0,"25":0,"26":0,"27":0,"28":0,"29":0,"30":0,"31":0,"32":0,"33":0,"34":0,"35":0,"36":0,"37":0,"38":0,"39":0,"40":0,"41":0},"f":{"0":0,"1":0,"2":0,"3":0,"4":0},"b":{"0":[0,0],"1":[0,0],"2":[0,0],"3":[0,0],"4":[0,0],"5":[0,0],"6":[0,0]},"meta":{"lastBranch":7,"lastFunction":5,"lastStatement":42,"seen":{"s:13:6:13:Infinity":0,"s:19:0:36:Infinity":1,"f:19:35:19:42":0,"s:20:2:35:Infinity":2,"s:21:24:26:Infinity":3,"f:25:15:25:16":1,"s:25:39:25:Infinity":4,"s:28:4:28:Infinity":5,"s:30:4:30:Infinity":6,"s:31:4:34:Infinity":7,"s:42:0:88:Infinity":8,"f:42:38:42:45":2,"s:43:2:87:Infinity":9,"s:44:19:44:Infinity":10,"s:46:20:71:Infinity":11,"b:73:4:78:Infinity:undefined:undefined:undefined:undefined":0,"s:73:4:78:Infinity":12,"s:74:6:77:Infinity":13,"s:80:4:80:Infinity":14,"s:82:4:82:Infinity":15,"s:83:4:86:Infinity":16,"s:94:0:137:Infinity":17,"f:94:38:94:45":3,"s:95:2:136:Infinity":18,"s:96:19:96:Infinity":19,"s:97:21:97:Infinity":20,"s:100:21:102:Infinity":21,"b:104:4:109:Infinity:undefined:undefined:undefined:undefined":1,"s:104:4:109:Infinity":22,"s:105:6:108:Infinity":23,"b:112:4:117:Infinity:undefined:undefined:undefined:undefined":2,"s:112:4:117:Infinity":24,"b:112:8:112:16:112:16:112:72":3,"s:113:6:116:Infinity":25,"s:120:22:126:Infinity":26,"b:122:14:122:22:122:22:122:Infinity":4,"s:128:4:128:Infinity":27,"s:129:4:129:Infinity":28,"s:131:4:131:Infinity":29,"s:132:4:135:Infinity":30,"s:143:0:177:Infinity":31,"f:143:41:143:48":4,"s:144:2:176:Infinity":32,"s:145:19:145:Infinity":33,"s:148:21:153:Infinity":34,"b:155:4:160:Infinity:undefined:undefined:undefined:undefined":5,"s:155:4:160:Infinity":35,"s:156:6:159:Infinity":36,"s:163:4:163:Infinity":37,"s:165:4:165:Infinity":38,"s:166:4:169:Infinity":39,"b:168:26:168:56:168:56:168:70":6,"s:171:4:171:Infinity":40,"s:172:4:175:Infinity":41}}}
,"C:\\code\\uncharted-lands\\server\\src\\api\\routes\\servers.ts": {"path":"C:\\code\\uncharted-lands\\server\\src\\api\\routes\\servers.ts","statementMap":{"0":{"start":{"line":14,"column":6},"end":{"line":14,"column":null}},"1":{"start":{"line":20,"column":0},"end":{"line":42,"column":null}},"2":{"start":{"line":21,"column":2},"end":{"line":41,"column":null}},"3":{"start":{"line":22,"column":23},"end":{"line":32,"column":null}},"4":{"start":{"line":31,"column":38},"end":{"line":31,"column":null}},"5":{"start":{"line":34,"column":4},"end":{"line":34,"column":null}},"6":{"start":{"line":36,"column":4},"end":{"line":36,"column":null}},"7":{"start":{"line":37,"column":4},"end":{"line":40,"column":null}},"8":{"start":{"line":48,"column":0},"end":{"line":74,"column":null}},"9":{"start":{"line":49,"column":2},"end":{"line":73,"column":null}},"10":{"start":{"line":50,"column":19},"end":{"line":50,"column":null}},"11":{"start":{"line":52,"column":19},"end":{"line":57,"column":null}},"12":{"start":{"line":59,"column":4},"end":{"line":64,"column":null}},"13":{"start":{"line":60,"column":6},"end":{"line":63,"column":null}},"14":{"start":{"line":66,"column":4},"end":{"line":66,"column":null}},"15":{"start":{"line":68,"column":4},"end":{"line":68,"column":null}},"16":{"start":{"line":69,"column":4},"end":{"line":72,"column":null}},"17":{"start":{"line":87,"column":0},"end":{"line":118,"column":null}},"18":{"start":{"line":88,"column":2},"end":{"line":117,"column":null}},"19":{"start":{"line":89,"column":45},"end":{"line":89,"column":null}},"20":{"start":{"line":92,"column":4},"end":{"line":97,"column":null}},"21":{"start":{"line":93,"column":6},"end":{"line":96,"column":null}},"22":{"start":{"line":100,"column":24},"end":{"line":106,"column":null}},"23":{"start":{"line":108,"column":4},"end":{"line":108,"column":null}},"24":{"start":{"line":109,"column":4},"end":{"line":109,"column":null}},"25":{"start":{"line":111,"column":4},"end":{"line":111,"column":null}},"26":{"start":{"line":112,"column":4},"end":{"line":116,"column":null}},"27":{"start":{"line":124,"column":0},"end":{"line":162,"column":null}},"28":{"start":{"line":125,"column":2},"end":{"line":161,"column":null}},"29":{"start":{"line":126,"column":19},"end":{"line":126,"column":null}},"30":{"start":{"line":127,"column":45},"end":{"line":127,"column":null}},"31":{"start":{"line":130,"column":21},"end":{"line":132,"column":null}},"32":{"start":{"line":134,"column":4},"end":{"line":139,"column":null}},"33":{"start":{"line":135,"column":6},"end":{"line":138,"column":null}},"34":{"start":{"line":142,"column":22},"end":{"line":151,"column":null}},"35":{"start":{"line":153,"column":4},"end":{"line":153,"column":null}},"36":{"start":{"line":154,"column":4},"end":{"line":154,"column":null}},"37":{"start":{"line":156,"column":4},"end":{"line":156,"column":null}},"38":{"start":{"line":157,"column":4},"end":{"line":160,"column":null}},"39":{"start":{"line":168,"column":0},"end":{"line":199,"column":null}},"40":{"start":{"line":169,"column":2},"end":{"line":198,"column":null}},"41":{"start":{"line":170,"column":19},"end":{"line":170,"column":null}},"42":{"start":{"line":173,"column":21},"end":{"line":175,"column":null}},"43":{"start":{"line":177,"column":4},"end":{"line":182,"column":null}},"44":{"start":{"line":178,"column":6},"end":{"line":181,"column":null}},"45":{"start":{"line":185,"column":4},"end":{"line":185,"column":null}},"46":{"start":{"line":187,"column":4},"end":{"line":187,"column":null}},"47":{"start":{"line":188,"column":4},"end":{"line":191,"column":null}},"48":{"start":{"line":193,"column":4},"end":{"line":193,"column":null}},"49":{"start":{"line":194,"column":4},"end":{"line":197,"column":null}}},"fnMap":{"0":{"name":"(anonymous_0)","decl":{"start":{"line":20,"column":35},"end":{"line":20,"column":42}},"loc":{"start":{"line":20,"column":55},"end":{"line":42,"column":1}},"line":20},"1":{"name":"(anonymous_1)","decl":{"start":{"line":31,"column":15},"end":{"line":31,"column":16}},"loc":{"start":{"line":31,"column":38},"end":{"line":31,"column":null}},"line":31},"2":{"name":"(anonymous_2)","decl":{"start":{"line":48,"column":38},"end":{"line":48,"column":45}},"loc":{"start":{"line":48,"column":58},"end":{"line":74,"column":1}},"line":48},"3":{"name":"(anonymous_3)","decl":{"start":{"line":87,"column":36},"end":{"line":87,"column":43}},"loc":{"start":{"line":87,"column":56},"end":{"line":118,"column":1}},"line":87},"4":{"name":"(anonymous_4)","decl":{"start":{"line":124,"column":38},"end":{"line":124,"column":45}},"loc":{"start":{"line":124,"column":58},"end":{"line":162,"column":1}},"line":124},"5":{"name":"(anonymous_5)","decl":{"start":{"line":168,"column":41},"end":{"line":168,"column":48}},"loc":{"start":{"line":168,"column":61},"end":{"line":199,"column":1}},"line":168}},"branchMap":{"0":{"loc":{"start":{"line":59,"column":4},"end":{"line":64,"column":null}},"type":"if","locations":[{"start":{"line":59,"column":4},"end":{"line":64,"column":null}},{"start":{},"end":{}}],"line":59},"1":{"loc":{"start":{"line":92,"column":4},"end":{"line":97,"column":null}},"type":"if","locations":[{"start":{"line":92,"column":4},"end":{"line":97,"column":null}},{"start":{},"end":{}}],"line":92},"2":{"loc":{"start":{"line":103,"column":16},"end":{"line":103,"column":null}},"type":"binary-expr","locations":[{"start":{"line":103,"column":16},"end":{"line":103,"column":28}},{"start":{"line":103,"column":28},"end":{"line":103,"column":null}}],"line":103},"3":{"loc":{"start":{"line":104,"column":12},"end":{"line":104,"column":null}},"type":"binary-expr","locations":[{"start":{"line":104,"column":12},"end":{"line":104,"column":20}},{"start":{"line":104,"column":20},"end":{"line":104,"column":null}}],"line":104},"4":{"loc":{"start":{"line":105,"column":14},"end":{"line":105,"column":null}},"type":"binary-expr","locations":[{"start":{"line":105,"column":14},"end":{"line":105,"column":24}},{"start":{"line":105,"column":24},"end":{"line":105,"column":null}}],"line":105},"5":{"loc":{"start":{"line":115,"column":15},"end":{"line":115,"column":null}},"type":"cond-expr","locations":[{"start":{"line":115,"column":40},"end":{"line":115,"column":56}},{"start":{"line":115,"column":56},"end":{"line":115,"column":null}}],"line":115},"6":{"loc":{"start":{"line":134,"column":4},"end":{"line":139,"column":null}},"type":"if","locations":[{"start":{"line":134,"column":4},"end":{"line":139,"column":null}},{"start":{},"end":{}}],"line":134},"7":{"loc":{"start":{"line":144,"column":14},"end":{"line":144,"column":null}},"type":"binary-expr","locations":[{"start":{"line":144,"column":14},"end":{"line":144,"column":22}},{"start":{"line":144,"column":22},"end":{"line":144,"column":null}}],"line":144},"8":{"loc":{"start":{"line":145,"column":18},"end":{"line":145,"column":null}},"type":"binary-expr","locations":[{"start":{"line":1
[...]
r.ts": {"path":"C:\\code\\uncharted-lands\\server\\src\\game\\world-generator.ts","statementMap":{"0":{"start":{"line":19,"column":37},"end":{"line":19,"column":null}},"1":{"start":{"line":21,"column":1},"end":{"line":21,"column":null}},"2":{"start":{"line":21,"column":22},"end":{"line":21,"column":null}},"3":{"start":{"line":23,"column":16},"end":{"line":23,"column":null}},"4":{"start":{"line":24,"column":15},"end":{"line":24,"column":null}},"5":{"start":{"line":26,"column":1},"end":{"line":40,"column":null}},"6":{"start":{"line":26,"column":14},"end":{"line":26,"column":17}},"7":{"start":{"line":27,"column":34},"end":{"line":27,"column":null}},"8":{"start":{"line":28,"column":2},"end":{"line":38,"column":null}},"9":{"start":{"line":28,"column":15},"end":{"line":28,"column":18}},"10":{"start":{"line":29,"column":29},"end":{"line":29,"column":null}},"11":{"start":{"line":31,"column":3},"end":{"line":36,"column":null}},"12":{"start":{"line":31,"column":16},"end":{"line":31,"column":19}},"13":{"start":{"line":32,"column":4},"end":{"line":32,"column":null}},"14":{"start":{"line":32,"column":21},"end":{"line":32,"column":null}},"15":{"start":{"line":33,"column":16},"end":{"line":33,"column":null}},"16":{"start":{"line":34,"column":22},"end":{"line":34,"column":null}},"17":{"start":{"line":35,"column":4},"end":{"line":35,"column":null}},"18":{"start":{"line":37,"column":3},"end":{"line":37,"column":null}},"19":{"start":{"line":39,"column":2},"end":{"line":39,"column":null}},"20":{"start":{"line":42,"column":1},"end":{"line":42,"column":null}},"21":{"start":{"line":49,"column":1},"end":{"line":49,"column":null}},"22":{"start":{"line":75,"column":63},"end":{"line":75,"column":null}},"23":{"start":{"line":77,"column":1},"end":{"line":82,"column":null}},"24":{"start":{"line":84,"column":7},"end":{"line":84,"column":null}},"25":{"start":{"line":86,"column":7},"end":{"line":92,"column":null}},"26":{"start":{"line":94,"column":1},"end":{"line":94,"column":null}},"27":{"start":{"line":114,"column":1},"end":{"line":117,"column":null}},"28":{"start":{"line":120,"column":25},"end":{"line":120,"column":null}},"29":{"start":{"line":121,"column":29},"end":{"line":124,"column":null}},"30":{"start":{"line":125,"column":27},"end":{"line":128,"column":null}},"31":{"start":{"line":131,"column":31},"end":{"line":131,"column":null}},"32":{"start":{"line":133,"column":1},"end":{"line":143,"column":null}},"33":{"start":{"line":133,"column":14},"end":{"line":133,"column":17}},"34":{"start":{"line":134,"column":2},"end":{"line":142,"column":null}},"35":{"start":{"line":134,"column":15},"end":{"line":134,"column":18}},"36":{"start":{"line":135,"column":3},"end":{"line":141,"column":null}},"37":{"start":{"line":145,"column":1},"end":{"line":147,"column":null}},"38":{"start":{"line":149,"column":1},"end":{"line":149,"column":null}}},"fnMap":{"0":{"name":"chunks","decl":{"start":{"line":18,"column":9},"end":{"line":18,"column":16}},"loc":{"start":{"line":18,"column":74},"end":{"line":43,"column":null}},"line":18},"1":{"name":"normalizeValue","decl":{"start":{"line":48,"column":16},"end":{"line":48,"column":31}},"loc":{"start":{"line":48,"column":80},"end":{"line":50,"column":null}},"line":48},"2":{"name":"generateMap","decl":{"start":{"line":71,"column":22},"end":{"line":71,"column":null}},"loc":{"start":{"line":74,"column":27},"end":{"line":95,"column":null}},"line":74},"3":{"name":"generateWorldLayers","decl":{"start":{"line":108,"column":22},"end":{"line":108,"column":null}},"loc":{"start":{"line":113,"column":25},"end":{"line":150,"column":null}},"line":113}},"branchMap":{"0":{"loc":{"start":{"line":21,"column":1},"end":{"line":21,"column":null}},"type":"if","locations":[{"start":{"line":21,"column":1},"end":{"line":21,"column":null}},{"start":{},"end":{}}],"line":21},"1":{"loc":{"start":{"line":32,"column":4},"end":{"line":32,"column":null}},"type":"if","locations":[{"start":{"line":32,"column":4},"end":{"line":32,"column":null}},{"start":{},"end":{}}],"line":32}},"s":{"0":49,"1":49,"2":0,"3":49,"4":49,"5":49,"6":49,"7":422,"8":422,"9":422,"10":4646,"11":4646,"12":4646,"13":46460,"14":0,"15":46460,"16":46460,"17":46460,"18":4646,"19":422,"20":49,"21":15,"22":49,"23":49,"24":49,"25":49,"26":49,"27":11,"28":11,"29":11,"30":11,"31":11,"32":11,"33":11,"34":95,"35":95,"36":1059,"37":11,"38":11},"f":{"0":49,"1":15,"2":49,"3":11},"b":{"0":[0,49],"1":[0,46460]},"meta":{"lastBranch":2,"lastFunction":4,"lastStatement":39,"seen":{"f:18:9:18:16":0,"s:19:37:19:Infinity":0,"b:21:1:21:Infinity:undefined:undefined:undefined:undefined":0,"s:21:1:21:Infinity":1,"s:21:22:21:Infinity":2,"s:23:16:23:Infinity":3,"s:24:15:24:Infinity":4,"s:26:1:40:Infinity":5,"s:26:14:26:17":6,"s:27:34:27:Infinity":7,"s:28:2:38:Infinity":8,"s:28:15:28:18":9,"s:29:29:29:Infinity":10,"s:31:3:36:Infinity":11,"s:31:16:31:19":12,"b:32:4:32:Infinity:undefined:undefined:undefined:undefined":1,"s:32:4:32:Infinity":13,"s:32:21:32:Infinity":14,"s:33:16:33:Infinity":15,"s:34:22:34:Infinity":16,"s:35:4:35:Infinity":17,"s:37:3:37:Infinity":18,"s:39:2:39:Infinity":19,"s:42:1:42:Infinity":20,"f:48:16:48:31":1,"s:49:1:49:Infinity":21,"f:71:22:71:Infinity":2,"s:75:63:75:Infinity":22,"s:77:1:82:Infinity":23,"s:84:7:84:Infinity":24,"s:86:7:92:Infinity":25,"s:94:1:94:Infinity":26,"f:108:22:108:Infinity":3,"s:114:1:117:Infinity":27,"s:120:25:120:Infinity":28,"s:121:29:124:Infinity":29,"s:125:27:128:Infinity":30,"s:131:31:131:Infinity":31,"s:133:1:143:Infinity":32,"s:133:14:133:17":33,"s:134:2:142:Infinity":34,"s:134:15:134:18":35,"s:135:3:141:Infinity":36,"s:145:1:147:Infinity":37,"s:149:1:149:Infinity":38}}}
,"C:\\code\\uncharted-lands\\server\\src\\middleware\\socket-middleware.ts": {"path":"C:\\code\\uncharted-lands\\server\\src\\middleware\\socket-middleware.ts","statementMap":{"0":{"start":{"line":20,"column":1},"end":{"line":75,"column":null}},"1":{"start":{"line":22,"column":19},"end":{"line":22,"column":null}},"2":{"start":{"line":23,"column":16},"end":{"line":23,"column":null}},"3":{"start":{"line":26,"column":2},"end":{"line":32,"column":null}},"4":{"start":{"line":27,"column":3},"end":{"line":30,"column":null}},"5":{"start":{"line":31,"column":3},"end":{"line":31,"column":null}},"6":{"start":{"line":35,"column":18},"end":{"line":35,"column":null}},"7":{"start":{"line":37,"column":2},"end":{"line":43,"column":null}},"8":{"start":{"line":38,"column":3},"end":{"line":41,"column":null}},"9":{"start":{"line":42,"column":3},"end":{"line":42,"column":null}},"10":{"start":{"line":46,"column":18},"end":{"line":46,"column":null}},"11":{"start":{"line":48,"column":2},"end":{"line":54,"column":null}},"12":{"start":{"line":49,"column":3},"end":{"line":52,"column":null}},"13":{"start":{"line":53,"column":3},"end":{"line":53,"column":null}},"14":{"start":{"line":57,"column":2},"end":{"line":57,"column":null}},"15":{"start":{"line":58,"column":2},"end":{"line":58,"column":null}},"16":{"start":{"line":59,"column":2},"end":{"line":59,"column":null}},"17":{"start":{"line":60,"column":2},"end":{"line":60,"column":null}},"18":{"start":{"line":61,"column":2},"end":{"line":61,"column":null}},"19":{"start":{"line":62,"column":2},"end":{"line":62,"column":null}},"20":{"start":{"line":64,"column":2},"end":{"line":69,"column":null}},"21":{"start":{"line":71,"column":2},"end":{"line":71,"column":null}},"22":{"start":{"line":73,"column":2},"end":{"line":73,"column":null}},"23":{"start":{"line":74,"column":2},"end":{"line":74,"column":null}},"24":{"start":{"line":89,"column":1},"end":{"line":89,"column":null}},"25":{"start":{"line":101,"column":1},"end":{"line":105,"column":null}},"26":{"start":{"line":108,"column":1},"end":{"line":114,"column":null}},"27":{"start":{"line":109,"column":23},"end":{"line":109,"column":null}},"28":{"start":{"line":110,"column":2},"end":{"line":113,"column":null}},"29":{"start":{"line":111,"column":3},"end":{"line":111,"column":null}},"30":{"start":{"line":112,"column":3},"end":{"line":112,"column":null}},"31":{"start":{"line":116,"column":1},"end":{"line":116,"column":null}},"32":{"start":{"line":128,"column":20},"end":{"line":128,"column":null}},"33":{"start":{"line":129,"column":1},"end":{"line":148,"column":null}},"34":{"start":{"line":130,"column":26},"end":{"line":146,"column":null}},"35":{"start":{"line":131,"column":3},"end":{"line":145,"column":null}},"36":{"start":{"line":132,"column":4},"end":{"line":132,"column":null}},"37":{"start":{"line":134,"column":4},"end":{"line":137,"column":null}},"38":{"start":{"line":140,"column":4},"end":{"line":144,"column":null}},"39":{"start":{"line":147,"column":2},"end":{"line":147,"column":null}},"40":{"start":{"line":150,"column":1},"end":{"line":150,"column":null}}},"fnMap":{"0":{"name":"authenticationMiddleware","decl":{"start":{"line":16,"column":22},"end":{"line":16,"column":null}},"loc":{"start":{"line":19,"column":17},"end":{"line":76,"column":null}},"line":19},"1":{"name":"rateLimitMiddleware","decl":{"start":{"line":82,"column":16},"end":{"line":82,"column":null}},"loc":{"start":{"line":85,"column":8},"end":{"line":90,"column":null}},"line":85},"2":{"name":"loggingMiddleware","decl":{"start":{"line":96,"column":16},"end":{"line":96,"column":null}},"loc":{"start":{"line":99,"column":8},"end":{"line":117,"column":null}},"line":99},"3":{"name":"(anonymous_3)","decl":{"start":{"line":110,"column":17},"end":{"line":110,"column":18}},"loc":{"start":{"line":110,"column":56},"end":{"line":113,"column":null}},"line":110},"4":{"name":"errorHandlingMiddleware","decl":{"start":{"line":123,"column":16},"end":{"line":123,"column":null}},"loc":{"start":{"line":126,"column":8},"end":{"line":151,"column":null}},"line":126},"5":{"name":"(anonymous_5)","decl":{"start":{"line":129,"column":14},"end":{"line":129,"column":15}},"loc":{"start":{"line":129,"column":73},"end":{"line":148,"column":null}},"line":129},"6":{"name":"(anonymous_6)","decl":{"start":{"line":130,"column":26},"end":{"line":130,"column":30}},"loc":{"start":{"line":130,"column":50},"end":{"line":146,"column":null}},"line":130}},"branchMap":{"0":{"loc":{"start":{"line":26,"column":2},"end":{"line":32,"column":null}},"type":"if","locations":[{"start":{"line":26,"column":2},"end":{"line":32,"column":null}},{"start":{},"end":{}}],"line":26},"1":{"loc":{"start":{"line":26,"column":6},"end":{"line":26,"column":36}},"type":"binary-expr","locations":[{"start":{"line":26,"column":6},"end":{"line":26,"column":16}},{"start":{"line":26,"column":16},"end":{"line":26,"column":36}}],"line":26},"2":{"loc":{"start":{"line":37,"column":2},"end":{"line":43,"column":null}},"type":"if","locations":[{"start":{"line":37,"column":2},"end":{"line":43,"column":null}},{"start":{},"end":{}}],"line":37},"3":{"loc":{"start":{"line":48,"column":2},"end":{"line":54,"column":null}},"type":"if","locations":[{"start":{"line":48,"column":2},"end":{"line":54,"column":null}},{"start":{},"end":{}}],"line":48},"4":{"loc":{"start":{"line":108,"column":1},"end":{"line":114,"column":null}},"type":"if","locations":[{"start":{"line":108,"column":1},"end":{"line":114,"column":null}},{"start":{},"end":{}}],"line":108}},"s":{"0":0,"1":0,"2":0,"3":0,"4":0,"5":0,"6":0,"7":0,"8":0,"9":0,"10":0,"11":0,"12":0,"13":0,"14":0,"15":0,"16":0,"17":0,"18":0,"19":0,"20":0,"21":0,"22":0,"23":0,"24":0,"25":0,"26":0,"27":0,"28":0,"29":0,"30":0,"31":0,"32":0,"33":0,"34":0,"35":0,"36":0,"37":0,"38":0,"39":0,"40":0},"f":{"0":0,"1":0,"2":0,"3":0,"4":0,"5":0,"6":0},"b":{"0":[0,0],"1":[0,0],"2":[0,0],"3":[0,0],"4":[0,0]},"meta":{"lastBranch":5,"lastFunction":7,"lastStatement":41,"seen":{"f:16:22:16:Infinity":0,"s:20:1:75:Infinity":0,"s:22:19:22:Infinity":1,"s:23:16:23:Infinity":2,"b:26:2:32:Infinity:undefined:undefined:undefined:undefined":0,"s:26:2:32:Infinity":3,"b:26:6:26:16:26:16:26:36":1,"s:27:3:30:Infinity":4,"s:31:3:31:Infinity":5,"s:35:18:35:Infinity":6,"b:37:2:43:Infinity:undefined:undefined:undefined:undefined":2,"s:37:2:43:Infinity":7,"s:38:3:41:Infinity":8,"s:42:3:42:Infinity":9,"s:46:18:46:Infinity":10,"b:48:2:54:Infinity:undefined:undefined:undefined:undefined":3,"s:48:2:54:Infinity":11,"s:49:3:52:Infinity":12,"s:53:3:53:Infinity":13,"s:57:2:57:Infinity":14,"s:58:2:58:Infinity":15,"s:59:2:59:Infinity":16,"s:60:2:60:Infinity":17,"s:61:2:61:Infinity":18,"s:62:2:62:Infinity":19,"s:64:2:69:Infinity":20,"s:71:2:71:Infinity":21,"s:73:2:73:Infinity":22,"s:74:2:74:Infinity":23,"f:82:16:82:Infinity":1,"s:89:1:89:Infinity":24,"f:96:16:96:Infinity":2,"s:101:1:105:Infinity":25,"b:108:1:114:Infinity:undefined:undefined:undefined:undefined":4,"s:108:1:114:Infinity":26,"s:109:23:109:Infinity":27,"s:110:2:113:Infinity":28,"f:110:17:110:18":3,"s:111:3:111:Infinity":29,"s:112:3:112:Infinity":30,"s:116:1:116:Infinity":31,"f:123:16:123:Infinity":4,"s:128:20:128:Infinity":32,"s:129:1:148:Infinity":33,"f:129:14:129:15":5,"s:130:26:146:Infinity":34,"f:130:26:130:30":6,"s:131:3:145:Infinity":35,"s:132:4:132:Infinity":36,"s:134:4:137:Infinity":37,"s:140:4:144:Infinity":38,"s:147:2:147:Infinity":39,"s:150:1:150:Infinity":40}}}
,"C:\\code\\uncharted-lands\\server\\src\\types\\socket-events.ts": {"path":"C:\\code\\uncharted-lands\\server\\src\\types\\socket-events.ts","statementMap":{},"fnMap":{},"branchMap":{},"s":{},"f":{},"b":{},"meta":{"lastBranch":0,"lastFunction":0,"lastStatement":0,"seen":{}}}
,"C:\\code\\uncharted-lands\\server\\src\\utils\\logger.ts": {"path":"C:\\code\\uncharted-lands\\server\\src\\utils\\logger.ts","statementMap":{"0":{"start":{"line":7,"column":7},"end":{"line":7,"column":null}},"1":{"start":{"line":8,"column":1},"end":{"line":8,"column":9}},"2":{"start":{"line":9,"column":1},"end":{"line":9,"column":8}},"3":{"start":{"line":10,"column":1},"end":{"line":10,"column":8}},"4":{"start":{"line":11,"column":1},"end":{"line":11,"column":9}},"5":{"start":{"line":7,"column":12},"end":{"line":7,"column":null}},"6":{"start":{"line":23,"column":19},"end":{"line":23,"column":null}},"7":{"start":{"line":24,"column":2},"end":{"line":24,"column":null}},"8":{"start":{"line":31,"column":2},"end":{"line":31,"column":null}},"9":{"start":{"line":38,"column":16},"end":{"line":42,"column":null}},"10":{"start":{"line":44,"column":2},"end":{"line":46,"column":null}},"11":{"start":{"line":45,"column":3},"end":{"line":45,"column":null}},"12":{"start":{"line":48,"column":2},"end":{"line":48,"column":null}},"13":{"start":{"line":55,"column":2},"end":{"line":57,"column":null}},"14":{"start":{"line":56,"column":3},"end":{"line":56,"column":null}},"15":{"start":{"line":64,"column":2},"end":{"line":66,"column":null}},"16":{"start":{"line":65,"column":3},"end":{"line":65,"column":null}},"17":{"start":{"line":73,"column":2},"end":{"line":75,"column":null}},"18":{"start":{"line":74,"column":3},"end":{"line":74,"column":null}},"19":{"start":{"line":82,"column":2},"end":{"line":92,"column":null}},"20":{"start":{"line":83,"column":24},"end":{"line":90,"column":null}},"21":{"start":{"line":91,"column":3},"end":{"line":91,"column":null}},"22":{"start":{"line":97,"column":22},"end":{"line":97,"column":null}}},"fnMap":{"0":{"name":"(anonymous_0)","decl":{"start":{"line":7,"column":7},"end":{"line":7,"column":12}},"loc":{"start":{"line":7,"column":7},"end":{"line":7,"column":null}},"line":7},"1":{"name":"(anonymous_1)","decl":{"start":{"line":21,"column":1},"end":{"line":21,"column":15}},"loc":{"start":{"line":21,"column":15},"end":{"line":25,"column":null}},"line":21},"2":{"name":"(anonymous_2)","decl":{"start":{"line":30,"column":9},"end":{"line":30,"column":29}},"loc":{"start":{"line":30,"column":29},"end":{"line":32,"column":null}},"line":30},"3":{"name":"(anonymous_3)","decl":{"start":{"line":37,"column":9},"end":{"line":37,"column":16}},"loc":{"start":{"line":37,"column":78},"end":{"line":49,"column":null}},"line":37},"4":{"name":"(anonymous_4)","decl":{"start":{"line":54,"column":1},"end":{"line":54,"column":7}},"loc":{"start":{"line":54,"column":52},"end":{"line":58,"column":null}},"line":54},"5":{"name":"(anonymous_5)","decl":{"start":{"line":63,"column":1},"end":{"line":63,"column":6}},"loc":{"start":{"line":63,"column":51},"end":{"line":67,"column":null}},"line":63},"6":{"name":"(anonymous_6)","decl":{"start":{"line":72,"column":1},"end":{"line":72,"column":6}},"loc":{"start":{"line":72,"column":51},"end":{"line":76,"column":null}},"line":72},"7":{"name":"(anonymous_7)","decl":{"start":{"line":81,"column":1},"end":{"line":81,"column":7}},"loc":{"start":{"line":81,"column":69},"end":{"line":93,"column":null}},"line":81}},"branchMap":{"0":{"loc":{"start":{"line":7,"column":12},"end":{"line":7,"column":null}},"type":"binary-expr","locations":[{"start":{"line":7,"column":12},"end":{"line":7,"column":null}},{"start":{"line":7,"column":12},"end":{"line":7,"column":null}}],"line":7},"1":{"loc":{"start":{"line":24,"column":18},"end":{"line":24,"column":null}},"type":"binary-expr","locations":[{"start":{"line":24,"column":18},"end":{"line":24,"column":65}},{"start":{"line":24,"column":65},"end":{"line":24,"column":null}}],"line":24},"2":{"loc":{"start":{"line":44,"column":2},"end":{"line":46,"column":null}},"type":"if","locations":[{"start":{"line":44,"column":2},"end":{"line":46,"column":null}},{"start":{},"end":{}}],"line":44},"3":{"loc":{"start":{"line":44,"column":6},"end":{"line":44,"column":50}},"type":"binary-expr","locations":[{"start":{"line":44,"column":6},"end":{"line":44,"column":17}},{"start":{"line":44,"column":17},"end":{"line":44,"column":50}}],"line":44},"4":{"loc":{"start":{"line":55,"column":2},"end":{"line":57,"column":null}},"type":"if","locations":[{"start":{"line":55,"column":2},"end":{"line":57,"column":null}},{"start":{},"end":{}}],"line":55},"5":{"loc":{"start":{"line":64,"column":2},"end":{"line":66,"column":null}},"type":"if","locations":[{"start":{"line":64,"column":2},"end":{"line":66,"column":null}},{"start":{},"end":{}}],"line":64},"6":{"loc":{"start":{"line":73,"column":2},"end":{"line":75,"column":null}},"type":"if","locations":[{"start":{"line":73,"column":2},"end":{"line":75,"column":null}},{"start":{},"end":{}}],"line":73},"7":{"loc":{"start":{"line":82,"column":2},"end":{"line":92,"column":null}},"type":"if","locations":[{"start":{"line":82,"column":2},"end":{"line":92,"column":null}},{"start":{},"end":{}}],"line":82},"8":{"loc":{"start":{"line":85,"column":11},"end":{"line":89,"column":null}},"type":"cond-expr","locations":[{"start":{"line":85,"column":36},"end":{"line":89,"column":8}},{"start":{"line":89,"column":8},"end":{"line":89,"column":null}}],"line":85}},"s":{"0":3,"1":3,"2":3,"3":3,"4":3,"5":3,"6":3,"7":3,"8":337,"9":337,"10":337,"11":278,"12":337,"13":2,"14":0,"15":218,"16":218,"17":3,"18":3,"19":116,"20":116,"21":116,"22":3},"f":{"0":3,"1":3,"2":337,"3":337,"4":2,"5":218,"6":3,"7":116},"b":{"0":[3,3],"1":[3,3],"2":[278,59],"3":[337,278],"4":[0,2],"5":[218,0],"6":[3,0],"7":[116,0],"8":[5,111]},"meta":{"lastBranch":9,"lastFunction":8,"lastStatement":23,"seen":{"s:7:7:7:Infinity":0,"f:7:7:7:12":0,"s:8:1:8:9":1,"s:9:1:9:8":2,"s:10:1:10:8":3,"s:11:1:11:9":4,"s:7:12:7:Infinity":5,"b:7:12:7:Infinity:7:12:7:Infinity":0,"f:21:1:21:15":1,"s:23:19:23:Infinity":6,"s:24:2:24:Infinity":7,"b:24:18:24:65:24:65:24:Infinity":1,"f:30:9:30:29":2,"s:31:2:31:Infinity":8,"f:37:9:37:16":3,"s:38:16:42:Infinity":9,"b:44:2:46:Infinity:undefined:undefined:undefined:undefined":2,"s:44:2:46:Infinity":10,"b:44:6:44:17:44:17:44:50":3,"s:45:3:45:Infinity":11,"s:48:2:48:Infinity":12,"f:54:1:54:7":4,"b:55:2:57:Infinity:undefined:undefined:undefined:undefined":4,"s:55:2:57:Infinity":13,"s:56:3:56:Infinity":14,"f:63:1:63:6":5,"b:64:2:66:Infinity:undefined:undefined:undefined:undefined":5,"s:64:2:66:Infinity":15,"s:65:3:65:Infinity":16,"f:72:1:72:6":6,"b:73:2:75:Infinity:undefined:undefined:undefined:undefined":6,"s:73:2:75:Infinity":17,"s:74:3:74:Infinity":18,"f:81:1:81:7":7,"b:82:2:92:Infinity:undefined:undefined:undefined:undefined":7,"s:82:2:92:Infinity":19,"s:83:24:90:Infinity":20,"b:85:36:89:8:89:8:89:Infinity":8,"s:91:3:91:Infinity":21,"s:97:22:97:Infinity":22}}}
}
